"../../../Engine/Content/EngineMaterials/T_Default_Material_Grid_N.uasset" 0
"../../../Engine/Content/EngineMaterials/T_Default_Material_Grid_N.uexp" 1
"../../../Engine/Content/EngineMaterials/T_Default_Material_Grid_N.ubulk" 2
"../../../Engine/Content/EngineMaterials/T_Default_Material_Grid_M.uasset" 3
"../../../Engine/Content/EngineMaterials/T_Default_Material_Grid_M.uexp" 4
"../../../Engine/Content/EngineMaterials/T_Default_Material_Grid_M.ubulk" 5
"../../../Engine/Content/Functions/Engine_MaterialFunctions01/Opacity/CameraDepthFade.uasset" 6
"../../../Engine/Content/Functions/Engine_MaterialFunctions01/Opacity/CameraDepthFade.uexp" 7
"../../../Engine/Content/EngineMaterials/WorldGridMaterial.uasset" 8
"../../../Engine/Content/EngineMaterials/WorldGridMaterial.uexp" 9
"../../../Engine/Content/ArtTools/RenderToTexture/Meshes/S_1_Unit_Plane.uasset" 10
"../../../Engine/Content/ArtTools/RenderToTexture/Meshes/S_1_Unit_Plane.uexp" 11
"../../../Engine/Content/EngineMaterials/DefaultMaterial.uasset" 12
"../../../Engine/Content/EngineMaterials/DefaultMaterial.uexp" 13
"../../../Engine/Content/BasicShapes/Cone.uasset" 14
"../../../Engine/Content/BasicShapes/Cone.uexp" 15
"../../../Engine/Content/BasicShapes/Plane.uasset" 16
"../../../Engine/Content/BasicShapes/Plane.uexp" 17
"../../../Engine/Content/BasicShapes/Sphere.uasset" 18
"../../../Engine/Content/BasicShapes/Sphere.uexp" 19
"../../../Engine/Content/EngineMaterials/DefaultPhysicalMaterial.uasset" 20
"../../../Engine/Content/EngineMaterials/DefaultPhysicalMaterial.uexp" 21
"../../../Engine/Content/BufferVisualization/AmbientOcclusion.uasset" 22
"../../../Engine/Content/BufferVisualization/AmbientOcclusion.uexp" 23
"../../../Engine/Content/Functions/Engine_MaterialFunctions02/Utility/AppendMany.uasset" 24
"../../../Engine/Content/Functions/Engine_MaterialFunctions02/Utility/AppendMany.uexp" 25
"../../../Engine/Content/BufferVisualization/Anisotropy.uasset" 26
"../../../Engine/Content/BufferVisualization/Anisotropy.uexp" 27
"../../../Engine/Content/BufferVisualization/BaseColor.uasset" 28
"../../../Engine/Content/BufferVisualization/BaseColor.uexp" 29
"../../../Engine/Content/BufferVisualization/CustomDepth.uasset" 30
"../../../Engine/Content/BufferVisualization/CustomDepth.uexp" 31
"../../../Engine/Content/Functions/Engine_MaterialFunctions02/Utility/VectorLength.uasset" 32
"../../../Engine/Content/Functions/Engine_MaterialFunctions02/Utility/VectorLength.uexp" 33
"../../../Engine/Content/BufferVisualization/CustomDepthWorldUnits.uasset" 34
"../../../Engine/Content/BufferVisualization/CustomDepthWorldUnits.uexp" 35
"../../../Engine/Content/EngineMaterials/MiniFont.uasset" 36
"../../../Engine/Content/EngineMaterials/MiniFont.uexp" 37
"../../../Engine/Content/Functions/Engine_MaterialFunctions02/Utility/MakeFloat3.uasset" 38
"../../../Engine/Content/Functions/Engine_MaterialFunctions02/Utility/MakeFloat3.uexp" 39
"../../../Engine/Content/Functions/Engine_MaterialFunctions02/Utility/MakeFloat2.uasset" 40
"../../../Engine/Content/Functions/Engine_MaterialFunctions02/Utility/MakeFloat2.uexp" 41
"../../../Engine/Content/Functions/Engine_MaterialFunctions02/ScreenResolution.uasset" 42
"../../../Engine/Content/Functions/Engine_MaterialFunctions02/ScreenResolution.uexp" 43
"../../../Engine/Content/Functions/Engine_MaterialFunctions02/Utility/BreakOutFloat2Components.uasset" 44
"../../../Engine/Content/Functions/Engine_MaterialFunctions02/Utility/BreakOutFloat2Components.uexp" 45
"../../../Engine/Content/Functions/Engine_MaterialFunctions01/Texturing/ScaleUVsByCenter.uasset" 46
"../../../Engine/Content/Functions/Engine_MaterialFunctions01/Texturing/ScaleUVsByCenter.uexp" 47
"../../../Engine/Content/Functions/Engine_MaterialFunctions02/Texturing/ScreenAlignedUVs.uasset" 48
"../../../Engine/Content/Functions/Engine_MaterialFunctions02/Texturing/ScreenAlignedUVs.uexp" 49
"../../../Engine/Content/BufferVisualization/CustomStencil.uasset" 50
"../../../Engine/Content/BufferVisualization/CustomStencil.uexp" 51
"../../../Engine/Content/BufferVisualization/FinalImage.uasset" 52
"../../../Engine/Content/BufferVisualization/FinalImage.uexp" 53
"../../../Engine/Content/BufferVisualization/LightingModel.uasset" 54
"../../../Engine/Content/BufferVisualization/LightingModel.uexp" 55
"../../../Engine/Content/BufferVisualization/MaterialAO.uasset" 56
"../../../Engine/Content/BufferVisualization/MaterialAO.uexp" 57
"../../../Engine/Content/BufferVisualization/Metallic.uasset" 58
"../../../Engine/Content/BufferVisualization/Metallic.uexp" 59
"../../../Engine/Content/BufferVisualization/Opacity.uasset" 60
"../../../Engine/Content/BufferVisualization/Opacity.uexp" 61
"../../../Engine/Content/BufferVisualization/PostTonemapHDRColor.uasset" 62
"../../../Engine/Content/BufferVisualization/PostTonemapHDRColor.uexp" 63
"../../../Engine/Content/BufferVisualization/PreTonemapHDRColor.uasset" 64
"../../../Engine/Content/BufferVisualization/PreTonemapHDRColor.uexp" 65
"../../../Engine/Content/BufferVisualization/Roughness.uasset" 66
"../../../Engine/Content/BufferVisualization/Roughness.uexp" 67
"../../../Engine/Content/BufferVisualization/SceneColor.uasset" 68
"../../../Engine/Content/BufferVisualization/SceneColor.uexp" 69
"../../../Engine/Content/BufferVisualization/SceneDepth.uasset" 70
"../../../Engine/Content/BufferVisualization/SceneDepth.uexp" 71
"../../../Engine/Content/BufferVisualization/SceneDepthWorldUnits.uasset" 72
"../../../Engine/Content/BufferVisualization/SceneDepthWorldUnits.uexp" 73
"../../../Engine/Content/BufferVisualization/SeparateTranslucencyA.uasset" 74
"../../../Engine/Content/BufferVisualization/SeparateTranslucencyA.uexp" 75
"../../../Engine/Content/BufferVisualization/SeparateTranslucencyRGB.uasset" 76
"../../../Engine/Content/BufferVisualization/SeparateTranslucencyRGB.uexp" 77
"../../../Engine/Content/BufferVisualization/Specular.uasset" 78
"../../../Engine/Content/BufferVisualization/Specular.uexp" 79
"../../../Engine/Content/BufferVisualization/SubsurfaceColor.uasset" 80
"../../../Engine/Content/BufferVisualization/SubsurfaceColor.uexp" 81
"../../../Engine/Content/BufferVisualization/Velocity.uasset" 82
"../../../Engine/Content/BufferVisualization/Velocity.uexp" 83
"../../../Engine/Content/BufferVisualization/WorldNormal.uasset" 84
"../../../Engine/Content/BufferVisualization/WorldNormal.uexp" 85
"../../../Engine/Content/BufferVisualization/WorldTangent.uasset" 86
"../../../Engine/Content/BufferVisualization/WorldTangent.uexp" 87
"../../../Engine/Content/EditorLandscapeResources/DataLayer.uasset" 88
"../../../Engine/Content/EditorLandscapeResources/DataLayer.uexp" 89
"../../../Engine/Content/EditorLandscapeResources/DefaultAlphaTexture.uasset" 90
"../../../Engine/Content/EditorLandscapeResources/DefaultAlphaTexture.uexp" 91
"../../../Engine/Content/EditorLandscapeResources/LandscapeGizmoHeight_Mat.uasset" 92
"../../../Engine/Content/EditorLandscapeResources/LandscapeGizmoHeight_Mat.uexp" 93
"../../../Engine/Content/EditorLandscapeResources/LandscapeGizmo_Mat.uasset" 94
"../../../Engine/Content/EditorLandscapeResources/LandscapeGizmo_Mat.uexp" 95
"../../../Engine/Content/EditorLandscapeResources/LandscapeGizmo_Mat_Copied.uasset" 96
"../../../Engine/Content/EditorLandscapeResources/LandscapeGizmo_Mat_Copied.uexp" 97
"../../../Engine/Content/EditorLandscapeResources/SplineEditorMeshMat.uasset" 98
"../../../Engine/Content/EditorLandscapeResources/SplineEditorMeshMat.uexp" 99
"../../../Engine/Content/EditorLandscapeResources/SplineEditorMesh.uasset" 100
"../../../Engine/Content/EditorLandscapeResources/SplineEditorMesh.uexp" 101
"../../../Engine/Content/EditorMaterials/Cross.uasset" 102
"../../../Engine/Content/EditorMaterials/Cross.uexp" 103
"../../../Engine/Content/EditorMaterials/Cross_Mat.uasset" 104
"../../../Engine/Content/EditorMaterials/Cross_Mat.uexp" 105
"../../../Engine/Content/EditorResources/T_EditorHelp.uasset" 106
"../../../Engine/Content/EditorResources/T_EditorHelp.uexp" 107
"../../../Engine/Content/EditorResources/T_EditorHelp.ubulk" 108
"../../../Engine/Content/Functions/Engine_MaterialFunctions02/Utility/Sign.uasset" 109
"../../../Engine/Content/Functions/Engine_MaterialFunctions02/Utility/Sign.uexp" 110
"../../../Engine/Content/Functions/Engine_MaterialFunctions02/Utility/Round.uasset" 111
"../../../Engine/Content/Functions/Engine_MaterialFunctions02/Utility/Round.uexp" 112
"../../../Engine/Content/Functions/Engine_MaterialFunctions02/ExampleContent/Textures/DebugNumberPeriod.uasset" 113
"../../../Engine/Content/Functions/Engine_MaterialFunctions02/ExampleContent/Textures/DebugNumberPeriod.uexp" 114
"../../../Engine/Content/Functions/Engine_MaterialFunctions02/ExampleContent/DebugNumberStrip.uasset" 115
"../../../Engine/Content/Functions/Engine_MaterialFunctions02/ExampleContent/DebugNumberStrip.uexp" 116
"../../../Engine/Content/EngineMaterials/DefaultDiffuse.uasset" 117
"../../../Engine/Content/EngineMaterials/DefaultDiffuse.uexp" 118
"../../../Engine/Content/EngineMaterials/DefaultDiffuse.ubulk" 119
"../../../Engine/Content/Functions/Engine_MaterialFunctions01/Texturing/TextureCropping.uasset" 120
"../../../Engine/Content/Functions/Engine_MaterialFunctions01/Texturing/TextureCropping.uexp" 121
"../../../Engine/Content/Functions/Engine_MaterialFunctions01/Texturing/ComputeMipLevel.uasset" 122
"../../../Engine/Content/Functions/Engine_MaterialFunctions01/Texturing/ComputeMipLevel.uexp" 123
"../../../Engine/Content/Functions/Engine_MaterialFunctions02/Utility/DebugScalarValues.uasset" 124
"../../../Engine/Content/Functions/Engine_MaterialFunctions02/Utility/DebugScalarValues.uexp" 125
"../../../Engine/Content/Functions/Engine_MaterialFunctions02/Utility/DebugFloat2Values.uasset" 126
"../../../Engine/Content/Functions/Engine_MaterialFunctions02/Utility/DebugFloat2Values.uexp" 127
"../../../Engine/Content/Functions/Engine_MaterialFunctions02/ExampleContent/Textures/flipbook.uasset" 128
"../../../Engine/Content/Functions/Engine_MaterialFunctions02/ExampleContent/Textures/flipbook.uexp" 129
"../../../Engine/Content/Functions/Engine_MaterialFunctions02/ExampleContent/Textures/flipbook.ubulk" 130
"../../../Engine/Content/Functions/Engine_MaterialFunctions02/Texturing/FlipBook.uasset" 131
"../../../Engine/Content/Functions/Engine_MaterialFunctions02/Texturing/FlipBook.uexp" 132
"../../../Engine/Content/EditorMaterials/HelpActorMaterial.uasset" 133
"../../../Engine/Content/EditorMaterials/HelpActorMaterial.uexp" 134
"../../../Engine/Content/Functions/Engine_MaterialFunctions03/Procedurals/ComputeFilterWidth.uasset" 135
"../../../Engine/Content/Functions/Engine_MaterialFunctions03/Procedurals/ComputeFilterWidth.uexp" 136
"../../../Engine/Content/EngineMaterials/BlendFunc_DefBlend.uasset" 137
"../../../Engine/Content/EngineMaterials/BlendFunc_DefBlend.uexp" 138
"../../../Engine/Content/EngineMaterials/BlendFunc_DefBase.uasset" 139
"../../../Engine/Content/EngineMaterials/BlendFunc_DefBase.uexp" 140
"../../../Engine/Content/Functions/Engine_MaterialFunctions03/Blends/Blend_Screen.uasset" 141
"../../../Engine/Content/Functions/Engine_MaterialFunctions03/Blends/Blend_Screen.uexp" 142
"../../../Engine/Content/EditorMaterials/TilingAALineIntegral.uasset" 143
"../../../Engine/Content/EditorMaterials/TilingAALineIntegral.uexp" 144
"../../../Engine/Content/EditorMaterials/TilingAALineBoxFiltered.uasset" 145
"../../../Engine/Content/EditorMaterials/TilingAALineBoxFiltered.uexp" 146
"../../../Engine/Content/EditorMaterials/TilingAAGrid.uasset" 147
"../../../Engine/Content/EditorMaterials/TilingAAGrid.uexp" 148
"../../../Engine/Content/EditorMaterials/TilingAADots.uasset" 149
"../../../Engine/Content/EditorMaterials/TilingAADots.uexp" 150
"../../../Engine/Content/EditorMaterials/CompositeARGBLayer.uasset" 151
"../../../Engine/Content/EditorMaterials/CompositeARGBLayer.uexp" 152
"../../../Engine/Content/EditorMaterials/LevelGridMaterial.uasset" 153
"../../../Engine/Content/EditorMaterials/LevelGridMaterial.uexp" 154
"../../../Engine/Content/EditorResources/LevelGrid1DStripes.uasset" 155
"../../../Engine/Content/EditorResources/LevelGrid1DStripes.uexp" 156
"../../../Engine/Content/EditorMaterials/TextureGridCascaded1D.uasset" 157
"../../../Engine/Content/EditorMaterials/TextureGridCascaded1D.uexp" 158
"../../../Engine/Content/EditorMaterials/TextureGridCascaded2D.uasset" 159
"../../../Engine/Content/EditorMaterials/TextureGridCascaded2D.uexp" 160
"../../../Engine/Content/EditorMaterials/MakeCompositeARGBLayer.uasset" 161
"../../../Engine/Content/EditorMaterials/MakeCompositeARGBLayer.uexp" 162
"../../../Engine/Content/EditorMaterials/LevelGridMaterial2.uasset" 163
"../../../Engine/Content/EditorMaterials/LevelGridMaterial2.uexp" 164
"../../../Engine/Content/EditorMaterials/MAT_Groups_Toggle.uasset" 165
"../../../Engine/Content/EditorMaterials/MAT_Groups_Toggle.uexp" 166
"../../../Engine/Content/EditorMaterials/MAT_Groups_Visibility.uasset" 167
"../../../Engine/Content/EditorMaterials/MAT_Groups_Visibility.uexp" 168
"../../../Engine/Content/EditorMaterials/PhAT_BoneSelectedMaterial.uasset" 169
"../../../Engine/Content/EditorMaterials/PhAT_BoneSelectedMaterial.uexp" 170
"../../../Engine/Content/EditorMaterials/PhAT_ElemSelectedMaterial.uasset" 171
"../../../Engine/Content/EditorMaterials/PhAT_ElemSelectedMaterial.uexp" 172
"../../../Engine/Content/EditorMaterials/PhAT_NoCollisionMaterial.uasset" 173
"../../../Engine/Content/EditorMaterials/PhAT_NoCollisionMaterial.uexp" 174
"../../../Engine/Content/EditorMaterials/PhAT_UnselectedMaterial.uasset" 175
"../../../Engine/Content/EditorMaterials/PhAT_UnselectedMaterial.uexp" 176
"../../../Engine/Content/EditorMaterials/PreviewShadowIndicator.uasset" 177
"../../../Engine/Content/EditorMaterials/PreviewShadowIndicator.uexp" 178
"../../../Engine/Content/EditorMaterials/PreviewShadowIndicator.ubulk" 179
"../../../Engine/Content/EditorMaterials/PreviewShadowIndicatorMaterial.uasset" 180
"../../../Engine/Content/EditorMaterials/PreviewShadowIndicatorMaterial.uexp" 181
"../../../Engine/Content/EditorMaterials/TargetIcon.uasset" 182
"../../../Engine/Content/EditorMaterials/TargetIcon.uexp" 183
"../../../Engine/Content/EditorMaterials/TargetIcon.ubulk" 184
"../../../Engine/Content/EditorMaterials/Tick.uasset" 185
"../../../Engine/Content/EditorMaterials/Tick.uexp" 186
"../../../Engine/Content/EditorMaterials/Tick_Mat.uasset" 187
"../../../Engine/Content/EditorMaterials/Tick_Mat.uexp" 188
"../../../Engine/Content/EditorMaterials/WidgetGridVertexColorMaterial.uasset" 189
"../../../Engine/Content/EditorMaterials/WidgetGridVertexColorMaterial.uexp" 190
"../../../Engine/Content/EditorMaterials/WidgetGridVertexColorMaterial.ubulk" 191
"../../../Engine/Content/EditorMaterials/WidgetGridVertexColorMaterial_Ma.uasset" 192
"../../../Engine/Content/EditorMaterials/WidgetGridVertexColorMaterial_Ma.uexp" 193
"../../../Engine/Content/EditorMaterials/WidgetMaterial.uasset" 194
"../../../Engine/Content/EditorMaterials/WidgetMaterial.uexp" 195
"../../../Engine/Content/EditorMaterials/WidgetMaterial_Current.uasset" 196
"../../../Engine/Content/EditorMaterials/WidgetMaterial_Current.uexp" 197
"../../../Engine/Content/EditorMaterials/WidgetMaterial_X.uasset" 198
"../../../Engine/Content/EditorMaterials/WidgetMaterial_X.uexp" 199
"../../../Engine/Content/EditorMaterials/WidgetMaterial_Y.uasset" 200
"../../../Engine/Content/EditorMaterials/WidgetMaterial_Y.uexp" 201
"../../../Engine/Content/EditorMaterials/WidgetMaterial_Z.uasset" 202
"../../../Engine/Content/EditorMaterials/WidgetMaterial_Z.uexp" 203
"../../../Engine/Content/EditorMaterials/WidgetVertexColorMaterial.uasset" 204
"../../../Engine/Content/EditorMaterials/WidgetVertexColorMaterial.uexp" 205
"../../../Engine/Content/EditorMaterials/AssetViewer/EpicQuadPanorama_CC+EV1.uasset" 206
"../../../Engine/Content/EditorMaterials/AssetViewer/EpicQuadPanorama_CC+EV1.uexp" 207
"../../../Engine/Content/MapTemplates/Sky/SunsetAmbientCubemap.uasset" 208
"../../../Engine/Content/MapTemplates/Sky/SunsetAmbientCubemap.uexp" 209
"../../../Engine/Content/EditorMaterials/AssetViewer/M_SkyBox.uasset" 210
"../../../Engine/Content/EditorMaterials/AssetViewer/M_SkyBox.uexp" 211
"../../../Engine/Content/EditorMaterials/MatineeGroups/MAT_ColorTrack.uasset" 212
"../../../Engine/Content/EditorMaterials/MatineeGroups/MAT_ColorTrack.uexp" 213
"../../../Engine/Content/EditorMaterials/MatineeGroups/MAT_Groups_Anim.uasset" 214
"../../../Engine/Content/EditorMaterials/MatineeGroups/MAT_Groups_Anim.uexp" 215
"../../../Engine/Content/EditorMaterials/MatineeGroups/MAT_Groups_AudioMaster.uasset" 216
"../../../Engine/Content/EditorMaterials/MatineeGroups/MAT_Groups_AudioMaster.uexp" 217
"../../../Engine/Content/EditorMaterials/MatineeGroups/MAT_Groups_Director.uasset" 218
"../../../Engine/Content/EditorMaterials/MatineeGroups/MAT_Groups_Director.uexp" 219
"../../../Engine/Content/EditorMaterials/MatineeGroups/MAT_Groups_Event.uasset" 220
"../../../Engine/Content/EditorMaterials/MatineeGroups/MAT_Groups_Event.uexp" 221
"../../../Engine/Content/EditorMaterials/MatineeGroups/MAT_Groups_Fade.uasset" 222
"../../../Engine/Content/EditorMaterials/MatineeGroups/MAT_Groups_Fade.uexp" 223
"../../../Engine/Content/EditorMaterials/MatineeGroups/MAT_Groups_Float.uasset" 224
"../../../Engine/Content/EditorMaterials/MatineeGroups/MAT_Groups_Float.uexp" 225
"../../../Engine/Content/EditorMaterials/MatineeGroups/MAT_Groups_Move.uasset" 226
"../../../Engine/Content/EditorMaterials/MatineeGroups/MAT_Groups_Move.uexp" 227
"../../../Engine/Content/EditorMaterials/MatineeGroups/MAT_Groups_Slomo.uasset" 228
"../../../Engine/Content/EditorMaterials/MatineeGroups/MAT_Groups_Slomo.uexp" 229
"../../../Engine/Content/EditorMaterials/MatineeGroups/MAT_Groups_Sound.uasset" 230
"../../../Engine/Content/EditorMaterials/MatineeGroups/MAT_Groups_Sound.uexp" 231
"../../../Engine/Content/EditorMaterials/MatineeGroups/MAT_Groups_Vector.uasset" 232
"../../../Engine/Content/EditorMaterials/MatineeGroups/MAT_Groups_Vector.uexp" 233
"../../../Engine/Content/EditorMaterials/ParticleSystems/PSysThumbnail_NoImage.uasset" 234
"../../../Engine/Content/EditorMaterials/ParticleSystems/PSysThumbnail_NoImage.uexp" 235
"../../../Engine/Content/EditorMaterials/ParticleSystems/PSysThumbnail_NoImage.ubulk" 236
"../../../Engine/Content/EditorMaterials/ParticleSystems/PSysThumbnail_OOD.uasset" 237
"../../../Engine/Content/EditorMaterials/ParticleSystems/PSysThumbnail_OOD.uexp" 238
"../../../Engine/Content/EditorMaterials/ParticleSystems/PSysThumbnail_OOD.ubulk" 239
"../../../Engine/Content/EngineMaterials/Grid.uasset" 240
"../../../Engine/Content/EngineMaterials/Grid.uexp" 241
"../../../Engine/Content/EngineMaterials/Grid.ubulk" 242
"../../../Engine/Content/EditorMaterials/Thumbnails/FloorPlaneMaterial.uasset" 243
"../../../Engine/Content/EditorMaterials/Thumbnails/FloorPlaneMaterial.uexp" 244
"../../../Engine/Content/EditorMeshes/EditorCube.uasset" 245
"../../../Engine/Content/EditorMeshes/EditorCube.uexp" 246
"../../../Engine/Content/EditorMeshes/EditorCylinder.uasset" 247
"../../../Engine/Content/EditorMeshes/EditorCylinder.uexp" 248
"../../../Engine/Content/EditorMeshes/EditorPlane.uasset" 249
"../../../Engine/Content/EditorMeshes/EditorPlane.uexp" 250
"../../../Engine/Content/EditorMaterials/Thumbnails/SkySphereMaterial.uasset" 251
"../../../Engine/Content/EditorMaterials/Thumbnails/SkySphereMaterial.uexp" 252
"../../../Engine/Content/EditorMeshes/EditorSkySphere.uasset" 253
"../../../Engine/Content/EditorMeshes/EditorSkySphere.uexp" 254
"../../../Engine/Content/EditorMeshes/EditorSphere.uasset" 255
"../../../Engine/Content/EditorMeshes/EditorSphere.uexp" 256
"../../../Engine/Content/EditorResources/MatineeCam_D.uasset" 257
"../../../Engine/Content/EditorResources/MatineeCam_D.uexp" 258
"../../../Engine/Content/EditorMaterials/MatineeCam_mat.uasset" 259
"../../../Engine/Content/EditorMaterials/MatineeCam_mat.uexp" 260
"../../../Engine/Content/EditorMeshes/MatineeCam_SM.uasset" 261
"../../../Engine/Content/EditorMeshes/MatineeCam_SM.uexp" 262
"../../../Engine/Content/EditorMeshes/PlanarReflectionPlane.uasset" 263
"../../../Engine/Content/EditorMeshes/PlanarReflectionPlane.uexp" 264
"../../../Engine/Content/Functions/Engine_MaterialFunctions01/Shading/ConvertFromDiffSpec.uasset" 265
"../../../Engine/Content/Functions/Engine_MaterialFunctions01/Shading/ConvertFromDiffSpec.uexp" 266
"../../../Engine/Content/EditorMaterials/GridMaterial.uasset" 267
"../../../Engine/Content/EditorMaterials/GridMaterial.uexp" 268
"../../../Engine/Content/EditorMeshes/AssetViewer/Floor_Mesh.uasset" 269
"../../../Engine/Content/EditorMeshes/AssetViewer/Floor_Mesh.uexp" 270
"../../../Engine/Content/EditorMeshes/AssetViewer/Sphere_inversenormals.uasset" 271
"../../../Engine/Content/EditorMeshes/AssetViewer/Sphere_inversenormals.uexp" 272
"../../../Engine/Content/EngineDebugMaterials/M_SimpleOpaque.uasset" 273
"../../../Engine/Content/EngineDebugMaterials/M_SimpleOpaque.uexp" 274
"../../../Engine/Content/EditorMaterials/Camera/MI_CineMat_CamViewFinder.uasset" 275
"../../../Engine/Content/EditorMaterials/Camera/MI_CineMat_CamViewFinder.uexp" 276
"../../../Engine/Content/EditorMaterials/Camera/CineMat.uasset" 277
"../../../Engine/Content/EditorMaterials/Camera/CineMat.uexp" 278
"../../../Engine/Content/EditorMaterials/Camera/MI_CineMat_CameraBody.uasset" 279
"../../../Engine/Content/EditorMaterials/Camera/MI_CineMat_CameraBody.uexp" 280
"../../../Engine/Content/EditorMeshes/Camera/SM_CineCam.uasset" 281
"../../../Engine/Content/EditorMeshes/Camera/SM_CineCam.uexp" 282
"../../../Engine/Content/EditorMaterials/Camera/MI_CineMat_Rig.uasset" 283
"../../../Engine/Content/EditorMaterials/Camera/MI_CineMat_Rig.uexp" 284
"../../../Engine/Content/EditorMeshes/Camera/SM_CraneRig_Arm.uasset" 285
"../../../Engine/Content/EditorMeshes/Camera/SM_CraneRig_Arm.uexp" 286
"../../../Engine/Content/EditorMeshes/Camera/SM_CraneRig_Base.uasset" 287
"../../../Engine/Content/EditorMeshes/Camera/SM_CraneRig_Base.uexp" 288
"../../../Engine/Content/EditorMeshes/Camera/SM_CraneRig_Body.uasset" 289
"../../../Engine/Content/EditorMeshes/Camera/SM_CraneRig_Body.uexp" 290
"../../../Engine/Content/EditorMeshes/Camera/SM_CraneRig_Mount.uasset" 291
"../../../Engine/Content/EditorMeshes/Camera/SM_CraneRig_Mount.uexp" 292
"../../../Engine/Content/EditorMeshes/Camera/SM_RailRig_Mount.uasset" 293
"../../../Engine/Content/EditorMeshes/Camera/SM_RailRig_Mount.uexp" 294
"../../../Engine/Content/EditorMeshes/Camera/SM_RailRig_Track.uasset" 295
"../../../Engine/Content/EditorMeshes/Camera/SM_RailRig_Track.uexp" 296
"../../../Engine/Content/EditorMeshes/ColorCalibrator/M_ChromeBall.uasset" 297
"../../../Engine/Content/EditorMeshes/ColorCalibrator/M_ChromeBall.uexp" 298
"../../../Engine/Content/EditorResources/Bad.uasset" 299
"../../../Engine/Content/EditorResources/Bad.uexp" 300
"../../../Engine/Content/EditorResources/Bad.ubulk" 301
"../../../Engine/Content/EditorResources/BSPVertex.uasset" 302
"../../../Engine/Content/EditorResources/BSPVertex.uexp" 303
"../../../Engine/Content/EditorResources/EmptyActor.uasset" 304
"../../../Engine/Content/EditorResources/EmptyActor.uexp" 305
"../../../Engine/Content/EditorResources/MatInstActSprite.uasset" 306
"../../../Engine/Content/EditorResources/MatInstActSprite.uexp" 307
"../../../Engine/Content/EditorResources/MatInstActSprite.ubulk" 308
"../../../Engine/Content/EditorResources/SceneManager.uasset" 309
"../../../Engine/Content/EditorResources/SceneManager.uexp" 310
"../../../Engine/Content/EditorResources/SceneManager.ubulk" 311
"../../../Engine/Content/EditorResources/SmallFont.uasset" 312
"../../../Engine/Content/EditorResources/SmallFont.uexp" 313
"../../../Engine/Content/EditorResources/S_Actor.uasset" 314
"../../../Engine/Content/EditorResources/S_Actor.uexp" 315
"../../../Engine/Content/EditorResources/S_Actor.ubulk" 316
"../../../Engine/Content/EditorResources/S_CameraShakeSource.uasset" 317
"../../../Engine/Content/EditorResources/S_CameraShakeSource.uexp" 318
"../../../Engine/Content/EditorResources/S_DecalActorIcon.uasset" 319
"../../../Engine/Content/EditorResources/S_DecalActorIcon.uexp" 320
"../../../Engine/Content/EditorResources/S_DecalActorIcon.ubulk" 321
"../../../Engine/Content/EditorResources/S_Emitter.uasset" 322
"../../../Engine/Content/EditorResources/S_Emitter.uexp" 323
"../../../Engine/Content/EditorResources/S_Emitter.ubulk" 324
"../../../Engine/Content/EditorResources/S_ExpoHeightFog.uasset" 325
"../../../Engine/Content/EditorResources/S_ExpoHeightFog.uexp" 326
"../../../Engine/Content/EditorResources/S_ExpoHeightFog.ubulk" 327
"../../../Engine/Content/EditorResources/S_FTest.uasset" 328
"../../../Engine/Content/EditorResources/S_FTest.uexp" 329
"../../../Engine/Content/EditorResources/S_KBSJoint.uasset" 330
"../../../Engine/Content/EditorResources/S_KBSJoint.uexp" 331
"../../../Engine/Content/EditorResources/S_KBSJoint.ubulk" 332
"../../../Engine/Content/EditorResources/S_KHinge.uasset" 333
"../../../Engine/Content/EditorResources/S_KHinge.uexp" 334
"../../../Engine/Content/EditorResources/S_KHinge.ubulk" 335
"../../../Engine/Content/EditorResources/S_KPrismatic.uasset" 336
"../../../Engine/Content/EditorResources/S_KPrismatic.uexp" 337
"../../../Engine/Content/EditorResources/S_KPrismatic.ubulk" 338
"../../../Engine/Content/EditorResources/S_LevelSequence.uasset" 339
"../../../Engine/Content/EditorResources/S_LevelSequence.uexp" 340
"../../../Engine/Content/EditorResources/S_LevelSequence.ubulk" 341
"../../../Engine/Content/EditorResources/S_NavP.uasset" 342
"../../../Engine/Content/EditorResources/S_NavP.uexp" 343
"../../../Engine/Content/EditorResources/S_NavP.ubulk" 344
"../../../Engine/Content/EditorResources/S_Note.uasset" 345
"../../../Engine/Content/EditorResources/S_Note.uexp" 346
"../../../Engine/Content/EditorResources/S_Note.ubulk" 347
"../../../Engine/Content/EditorResources/S_Player.uasset" 348
"../../../Engine/Content/EditorResources/S_Player.uexp" 349
"../../../Engine/Content/EditorResources/S_Player.ubulk" 350
"../../../Engine/Content/EditorResources/S_PortalActorIcon2.uasset" 351
"../../../Engine/Content/EditorResources/S_PortalActorIcon2.uexp" 352
"../../../Engine/Content/EditorResources/S_PortalActorIcon2.ubulk" 353
"../../../Engine/Content/EditorResources/S_RadForce.uasset" 354
"../../../Engine/Content/EditorResources/S_RadForce.uexp" 355
"../../../Engine/Content/EditorResources/S_RadForce.ubulk" 356
"../../../Engine/Content/EditorResources/S_ReflActorIcon.uasset" 357
"../../../Engine/Content/EditorResources/S_ReflActorIcon.uexp" 358
"../../../Engine/Content/EditorResources/S_ReflActorIcon.ubulk" 359
"../../../Engine/Content/EditorResources/S_SkyAtmosphere.uasset" 360
"../../../Engine/Content/EditorResources/S_SkyAtmosphere.uexp" 361
"../../../Engine/Content/EditorResources/S_SkyAtmosphere.ubulk" 362
"../../../Engine/Content/EditorResources/S_Solver.uasset" 363
"../../../Engine/Content/EditorResources/S_Solver.uexp" 364
"../../../Engine/Content/EditorResources/S_Solver.ubulk" 365
"../../../Engine/Content/EditorResources/S_Terrain.uasset" 366
"../../../Engine/Content/EditorResources/S_Terrain.uexp" 367
"../../../Engine/Content/EditorResources/S_Terrain.ubulk" 368
"../../../Engine/Content/EditorResources/S_TextRenderActorIcon.uasset" 369
"../../../Engine/Content/EditorResources/S_TextRenderActorIcon.uexp" 370
"../../../Engine/Content/EditorResources/S_TextRenderActorIcon.ubulk" 371
"../../../Engine/Content/EditorResources/S_Thruster.uasset" 372
"../../../Engine/Content/EditorResources/S_Thruster.uexp" 373
"../../../Engine/Content/EditorResources/S_Thruster.ubulk" 374
"../../../Engine/Content/EditorResources/S_Trigger.uasset" 375
"../../../Engine/Content/EditorResources/S_Trigger.uexp" 376
"../../../Engine/Content/EditorResources/S_Trigger.ubulk" 377
"../../../Engine/Content/EditorResources/S_VectorFieldVol.uasset" 378
"../../../Engine/Content/EditorResources/S_VectorFieldVol.uexp" 379
"../../../Engine/Content/EditorResources/S_VectorFieldVol.ubulk" 380
"../../../Engine/Content/EditorResources/S_VolumetricCloud.uasset" 381
"../../../Engine/Content/EditorResources/S_VolumetricCloud.uexp" 382
"../../../Engine/Content/EditorResources/S_VolumetricCloud.ubulk" 383
"../../../Engine/Content/EditorResources/S_WindDirectional.uasset" 384
"../../../Engine/Content/EditorResources/S_WindDirectional.uexp" 385
"../../../Engine/Content/EditorResources/S_WindDirectional.ubulk" 386
"../../../Engine/Content/EditorResources/AI/S_NavLink.uasset" 387
"../../../Engine/Content/EditorResources/AI/S_NavLink.uexp" 388
"../../../Engine/Content/EditorResources/LightIcons/SkyLight.uasset" 389
"../../../Engine/Content/EditorResources/LightIcons/SkyLight.uexp" 390
"../../../Engine/Content/EditorResources/LightIcons/S_LightDirectional.uasset" 391
"../../../Engine/Content/EditorResources/LightIcons/S_LightDirectional.uexp" 392
"../../../Engine/Content/EditorResources/LightIcons/S_LightDirectionalMove.uasset" 393
"../../../Engine/Content/EditorResources/LightIcons/S_LightDirectionalMove.uexp" 394
"../../../Engine/Content/EditorResources/LightIcons/S_LightError.uasset" 395
"../../../Engine/Content/EditorResources/LightIcons/S_LightError.uexp" 396
"../../../Engine/Content/EditorResources/LightIcons/S_LightPoint.uasset" 397
"../../../Engine/Content/EditorResources/LightIcons/S_LightPoint.uexp" 398
"../../../Engine/Content/EditorResources/LightIcons/S_LightPointMove.uasset" 399
"../../../Engine/Content/EditorResources/LightIcons/S_LightPointMove.uexp" 400
"../../../Engine/Content/EditorResources/LightIcons/S_LightSpot.uasset" 401
"../../../Engine/Content/EditorResources/LightIcons/S_LightSpot.uexp" 402
"../../../Engine/Content/EditorResources/LightIcons/S_LightSpotMove.uasset" 403
"../../../Engine/Content/EditorResources/LightIcons/S_LightSpotMove.uexp" 404
"../../../Engine/Content/EditorResources/SequenceRecorder/Countdown.uasset" 405
"../../../Engine/Content/EditorResources/SequenceRecorder/Countdown.uexp" 406
"../../../Engine/Content/EditorResources/SequenceRecorder/RecordingIndicator.uasset" 407
"../../../Engine/Content/EditorResources/SequenceRecorder/RecordingIndicator.uexp" 408
"../../../Engine/Content/EditorResources/Spline/T_Loft_Spline.uasset" 409
"../../../Engine/Content/EditorResources/Spline/T_Loft_Spline.uexp" 410
"../../../Engine/Content/EditorSounds/Notifications/CompileSuccess.uasset" 411
"../../../Engine/Content/EditorSounds/Notifications/CompileSuccess.uexp" 412
"../../../Engine/Content/EditorSounds/Notifications/CompileStart_Cue.uasset" 413
"../../../Engine/Content/EditorSounds/Notifications/CompileStart_Cue.uexp" 414
"../../../Engine/Content/EngineDamageTypes/DmgTypeBP_Environmental.uasset" 415
"../../../Engine/Content/EngineDamageTypes/DmgTypeBP_Environmental.uexp" 416
"../../../Engine/Content/EngineDebugMaterials/HeatmapGradient.uasset" 417
"../../../Engine/Content/EngineDebugMaterials/HeatmapGradient.uexp" 418
"../../../Engine/Content/EngineDebugMaterials/HeatmapGradient.ubulk" 419
"../../../Engine/Content/EngineDebugMaterials/BoneWeightMaterial.uasset" 420
"../../../Engine/Content/EngineDebugMaterials/BoneWeightMaterial.uexp" 421
"../../../Engine/Content/EngineDebugMaterials/ClothMaterial.uasset" 422
"../../../Engine/Content/EngineDebugMaterials/ClothMaterial.uexp" 423
"../../../Engine/Content/EngineDebugMaterials/ClothMaterial_WF.uasset" 424
"../../../Engine/Content/EngineDebugMaterials/ClothMaterial_WF.uexp" 425
"../../../Engine/Content/EngineDebugMaterials/DebugEditorMaterial.uasset" 426
"../../../Engine/Content/EngineDebugMaterials/DebugEditorMaterial.uexp" 427
"../../../Engine/Content/EngineDebugMaterials/DebugMeshMaterial.uasset" 428
"../../../Engine/Content/EngineDebugMaterials/DebugMeshMaterial.uexp" 429
"../../../Engine/Content/EngineDebugMaterials/GeomMaterial.uasset" 430
"../../../Engine/Content/EngineDebugMaterials/GeomMaterial.uexp" 431
"../../../Engine/Content/EngineDebugMaterials/LevelColorationLitMaterial.uasset" 432
"../../../Engine/Content/EngineDebugMaterials/LevelColorationLitMaterial.uexp" 433
"../../../Engine/Content/EngineDebugMaterials/LevelColorationUnlitMaterial.uasset" 434
"../../../Engine/Content/EngineDebugMaterials/LevelColorationUnlitMaterial.uexp" 435
"../../../Engine/Content/EngineMaterials/DefaultWhiteGrid.uasset" 436
"../../../Engine/Content/EngineMaterials/DefaultWhiteGrid.uexp" 437
"../../../Engine/Content/EngineMaterials/DefaultWhiteGrid.ubulk" 438
"../../../Engine/Content/EngineDebugMaterials/MAT_LevelColorationLitLightmapUV.uasset" 439
"../../../Engine/Content/EngineDebugMaterials/MAT_LevelColorationLitLightmapUV.uexp" 440
"../../../Engine/Content/EngineDebugMaterials/M_SimpleUnlitTranslucent.uasset" 441
"../../../Engine/Content/EngineDebugMaterials/M_SimpleUnlitTranslucent.uexp" 442
"../../../Engine/Content/EngineDebugMaterials/VolumeToRender.uasset" 443
"../../../Engine/Content/EngineDebugMaterials/VolumeToRender.uexp" 444
"../../../Engine/Content/Functions/Engine_MaterialFunctions02/Utility/CameraDirectionVector.uasset" 445
"../../../Engine/Content/Functions/Engine_MaterialFunctions02/Utility/CameraDirectionVector.uexp" 446
"../../../Engine/Content/EngineDebugMaterials/M_VolumeRenderSphereTracePP.uasset" 447
"../../../Engine/Content/EngineDebugMaterials/M_VolumeRenderSphereTracePP.uexp" 448
"../../../Engine/Content/EngineMaterials/DefaultWhiteGrid_Low.uasset" 449
"../../../Engine/Content/EngineMaterials/DefaultWhiteGrid_Low.uexp" 450
"../../../Engine/Content/EngineDebugMaterials/PhysicalMaterialMaskMaterial.uasset" 451
"../../../Engine/Content/EngineDebugMaterials/PhysicalMaterialMaskMaterial.uexp" 452
"../../../Engine/Content/EngineDebugMaterials/ShadedLevelColorationLitMaterial.uasset" 453
"../../../Engine/Content/EngineDebugMaterials/ShadedLevelColorationLitMaterial.uexp" 454
"../../../Engine/Content/EngineDebugMaterials/ShadedLevelColorationUnlitMateri.uasset" 455
"../../../Engine/Content/EngineDebugMaterials/ShadedLevelColorationUnlitMateri.uexp" 456
"../../../Engine/Content/EngineDebugMaterials/VertexColorMaterial.uasset" 457
"../../../Engine/Content/EngineDebugMaterials/VertexColorMaterial.uexp" 458
"../../../Engine/Content/EngineDebugMaterials/VertexColorViewMode_AlphaAsColor.uasset" 459
"../../../Engine/Content/EngineDebugMaterials/VertexColorViewMode_AlphaAsColor.uexp" 460
"../../../Engine/Content/EngineDebugMaterials/VertexColorViewMode_BlueOnly.uasset" 461
"../../../Engine/Content/EngineDebugMaterials/VertexColorViewMode_BlueOnly.uexp" 462
"../../../Engine/Content/EngineDebugMaterials/VertexColorViewMode_ColorOnly.uasset" 463
"../../../Engine/Content/EngineDebugMaterials/VertexColorViewMode_ColorOnly.uexp" 464
"../../../Engine/Content/EngineDebugMaterials/VertexColorViewMode_GreenOnly.uasset" 465
"../../../Engine/Content/EngineDebugMaterials/VertexColorViewMode_GreenOnly.uexp" 466
"../../../Engine/Content/EngineDebugMaterials/VertexColorViewMode_RedOnly.uasset" 467
"../../../Engine/Content/EngineDebugMaterials/VertexColorViewMode_RedOnly.uexp" 468
"../../../Engine/Content/EngineDebugMaterials/WireframeMaterial.uasset" 469
"../../../Engine/Content/EngineDebugMaterials/WireframeMaterial.uexp" 470
"../../../Engine/Content/EngineFonts/Faces/RobotoRegular.uasset" 471
"../../../Engine/Content/EngineFonts/Faces/RobotoRegular.uexp" 472
"../../../Engine/Content/EngineFonts/Faces/RobotoRegular.ufont" 473
"../../../Engine/Content/EngineFonts/Faces/RobotoLight.uasset" 474
"../../../Engine/Content/EngineFonts/Faces/RobotoLight.uexp" 475
"../../../Engine/Content/EngineFonts/Faces/RobotoLight.ufont" 476
"../../../Engine/Content/EngineFonts/Faces/RobotoItalic.uasset" 477
"../../../Engine/Content/EngineFonts/Faces/RobotoItalic.uexp" 478
"../../../Engine/Content/EngineFonts/Faces/RobotoItalic.ufont" 479
"../../../Engine/Content/EngineFonts/Faces/RobotoBoldItalic.uasset" 480
"../../../Engine/Content/EngineFonts/Faces/RobotoBoldItalic.uexp" 481
"../../../Engine/Content/EngineFonts/Faces/RobotoBoldItalic.ufont" 482
"../../../Engine/Content/EngineFonts/Faces/RobotoBold.uasset" 483
"../../../Engine/Content/EngineFonts/Faces/RobotoBold.uexp" 484
"../../../Engine/Content/EngineFonts/Faces/RobotoBold.ufont" 485
"../../../Engine/Content/EngineFonts/Faces/DroidSansFallback.uasset" 486
"../../../Engine/Content/EngineFonts/Faces/DroidSansFallback.uexp" 487
"../../../Engine/Content/EngineFonts/Faces/DroidSansFallback.ufont" 488
"../../../Engine/Content/EngineFonts/Roboto.uasset" 489
"../../../Engine/Content/EngineFonts/Roboto.uexp" 490
"../../../Engine/Content/EngineFonts/Faces/RobotoTiny.uasset" 491
"../../../Engine/Content/EngineFonts/Faces/RobotoTiny.uexp" 492
"../../../Engine/Content/EngineFonts/Faces/RobotoTiny.ufont" 493
"../../../Engine/Content/EngineFonts/RobotoTiny.uasset" 494
"../../../Engine/Content/EngineFonts/RobotoTiny.uexp" 495
"../../../Engine/Content/EngineFonts/SmallFont.uasset" 496
"../../../Engine/Content/EngineFonts/SmallFont.uexp" 497
"../../../Engine/Content/EngineFonts/TinyFont.uasset" 498
"../../../Engine/Content/EngineFonts/TinyFont.uexp" 499
"../../../Engine/Content/EngineMaterials/BaseFlattenNormalMap.uasset" 500
"../../../Engine/Content/EngineMaterials/BaseFlattenNormalMap.uexp" 501
"../../../Engine/Content/EngineMaterials/BaseFlattenGrayscaleMap.uasset" 502
"../../../Engine/Content/EngineMaterials/BaseFlattenGrayscaleMap.uexp" 503
"../../../Engine/Content/EngineMaterials/BaseFlattenEmissiveMap.uasset" 504
"../../../Engine/Content/EngineMaterials/BaseFlattenEmissiveMap.uexp" 505
"../../../Engine/Content/EngineMaterials/BaseFlattenDiffuseMap.uasset" 506
"../../../Engine/Content/EngineMaterials/BaseFlattenDiffuseMap.uexp" 507
"../../../Engine/Content/EngineMaterials/BaseFlattenMaterial.uasset" 508
"../../../Engine/Content/EngineMaterials/BaseFlattenMaterial.uexp" 509
"../../../Engine/Content/EngineResources/WhiteSquareTexture.uasset" 510
"../../../Engine/Content/EngineResources/WhiteSquareTexture.uexp" 511
"../../../Engine/Content/EngineMaterials/BlinkingCaret.uasset" 512
"../../../Engine/Content/EngineMaterials/BlinkingCaret.uexp" 513
"../../../Engine/Content/EngineMaterials/BlueNoise.uasset" 514
"../../../Engine/Content/EngineMaterials/BlueNoise.uexp" 515
"../../../Engine/Content/EngineMaterials/DefaultBloomKernel.uasset" 516
"../../../Engine/Content/EngineMaterials/DefaultBloomKernel.uexp" 517
"../../../Engine/Content/EngineMaterials/DefaultBokeh.uasset" 518
"../../../Engine/Content/EngineMaterials/DefaultBokeh.uexp" 519
"../../../Engine/Content/EngineMaterials/DefaultDeferredDecalMaterial.uasset" 520
"../../../Engine/Content/EngineMaterials/DefaultDeferredDecalMaterial.uexp" 521
"../../../Engine/Content/EngineMaterials/DefaultLightFunctionMaterial.uasset" 522
"../../../Engine/Content/EngineMaterials/DefaultLightFunctionMaterial.uexp" 523
"../../../Engine/Content/EngineMaterials/DefaultPostProcessMaterial.uasset" 524
"../../../Engine/Content/EngineMaterials/DefaultPostProcessMaterial.uexp" 525
"../../../Engine/Content/EngineFonts/RobotoDistanceField.uasset" 526
"../../../Engine/Content/EngineFonts/RobotoDistanceField.uexp" 527
"../../../Engine/Content/EngineMaterials/DefaultTextMaterialOpaque.uasset" 528
"../../../Engine/Content/EngineMaterials/DefaultTextMaterialOpaque.uexp" 529
"../../../Engine/Content/EngineMaterials/EditorBrushMaterial.uasset" 530
"../../../Engine/Content/EngineMaterials/EditorBrushMaterial.uexp" 531
"../../../Engine/Content/EngineMaterials/EmissiveMeshMaterial.uasset" 532
"../../../Engine/Content/EngineMaterials/EmissiveMeshMaterial.uexp" 533
"../../../Engine/Content/EngineMaterials/GizmoMaterial.uasset" 534
"../../../Engine/Content/EngineMaterials/GizmoMaterial.uexp" 535
"../../../Engine/Content/EngineMaterials/Good64x64TilingNoiseHighFreq.uasset" 536
"../../../Engine/Content/EngineMaterials/Good64x64TilingNoiseHighFreq.uexp" 537
"../../../Engine/Content/EngineMaterials/Grid_N.uasset" 538
"../../../Engine/Content/EngineMaterials/Grid_N.uexp" 539
"../../../Engine/Content/EngineMaterials/Grid_N.ubulk" 540
"../../../Engine/Content/EngineMaterials/HighResolutionScreenshotMaskFunction.uasset" 541
"../../../Engine/Content/EngineMaterials/HighResolutionScreenshotMaskFunction.uexp" 542
"../../../Engine/Content/EngineMaterials/HighResScreenshot.uasset" 543
"../../../Engine/Content/EngineMaterials/HighResScreenshot.uexp" 544
"../../../Engine/Content/EngineMaterials/HighResScreenshotCaptureRegion.uasset" 545
"../../../Engine/Content/EngineMaterials/HighResScreenshotCaptureRegion.uexp" 546
"../../../Engine/Content/EngineMaterials/HighResScreenshotMask.uasset" 547
"../../../Engine/Content/EngineMaterials/HighResScreenshotMask.uexp" 548
"../../../Engine/Content/EngineMaterials/LandscapeHolePhysicalMaterial.uasset" 549
"../../../Engine/Content/EngineMaterials/LandscapeHolePhysicalMaterial.uexp" 550
"../../../Engine/Content/EngineMaterials/InvalidLightmapSettings.uasset" 551
"../../../Engine/Content/EngineMaterials/InvalidLightmapSettings.uexp" 552
"../../../Engine/Content/EngineMaterials/InvalidLightmapSettings.ubulk" 553
"../../../Engine/Content/EngineMaterials/M_InvalidLightmapSettings.uasset" 554
"../../../Engine/Content/EngineMaterials/M_InvalidLightmapSettings.uexp" 555
"../../../Engine/Content/EngineMaterials/PaperDiffuse.uasset" 556
"../../../Engine/Content/EngineMaterials/PaperDiffuse.uexp" 557
"../../../Engine/Content/EngineMaterials/PaperNormal.uasset" 558
"../../../Engine/Content/EngineMaterials/PaperNormal.uexp" 559
"../../../Engine/Content/Functions/Engine_MaterialFunctions02/WorldPositionOffset/CameraOffset.uasset" 560
"../../../Engine/Content/Functions/Engine_MaterialFunctions02/WorldPositionOffset/CameraOffset.uexp" 561
"../../../Engine/Content/EngineMaterials/PhAT_JointLimitMaterial.uasset" 562
"../../../Engine/Content/EngineMaterials/PhAT_JointLimitMaterial.uexp" 563
"../../../Engine/Content/EngineMaterials/PhysMat_Rubber.uasset" 564
"../../../Engine/Content/EngineMaterials/PhysMat_Rubber.uexp" 565
"../../../Engine/Content/EngineMaterials/DefaultCalibrationColor.uasset" 566
"../../../Engine/Content/EngineMaterials/DefaultCalibrationColor.uexp" 567
"../../../Engine/Content/EngineMaterials/PPM_DefaultCalibrationColor.uasset" 568
"../../../Engine/Content/EngineMaterials/PPM_DefaultCalibrationColor.uexp" 569
"../../../Engine/Content/EngineMaterials/DefaultCalibrationGrayscale.uasset" 570
"../../../Engine/Content/EngineMaterials/DefaultCalibrationGrayscale.uexp" 571
"../../../Engine/Content/EngineMaterials/PPM_DefaultCalibrationGrayscale.uasset" 572
"../../../Engine/Content/EngineMaterials/PPM_DefaultCalibrationGrayscale.uexp" 573
"../../../Engine/Content/EngineMaterials/PreintegratedSkinBRDF.uasset" 574
"../../../Engine/Content/EngineMaterials/PreintegratedSkinBRDF.uexp" 575
"../../../Engine/Content/EngineMaterials/RemoveSurfaceMaterial.uasset" 576
"../../../Engine/Content/EngineMaterials/RemoveSurfaceMaterial.uexp" 577
"../../../Engine/Content/EngineMaterials/WeightMapPlaceholderTexture.uasset" 578
"../../../Engine/Content/EngineMaterials/WeightMapPlaceholderTexture.uexp" 579
"../../../Engine/Content/Functions/Engine_MaterialFunctions01/ImageAdjustment/sRGBToLinear.uasset" 580
"../../../Engine/Content/Functions/Engine_MaterialFunctions01/ImageAdjustment/sRGBToLinear.uexp" 581
"../../../Engine/Content/Functions/Engine_MaterialFunctions02/Utility/BreakOutFloat3Components.uasset" 582
"../../../Engine/Content/Functions/Engine_MaterialFunctions02/Utility/BreakOutFloat3Components.uexp" 583
"../../../Engine/Content/EngineMaterials/Widget3DCameraPassThrough_Opaque_OneSided.uasset" 584
"../../../Engine/Content/EngineMaterials/Widget3DCameraPassThrough_Opaque_OneSided.uexp" 585
"../../../Engine/Content/EngineMaterials/Widget3DPassThrough.uasset" 586
"../../../Engine/Content/EngineMaterials/Widget3DPassThrough.uexp" 587
"../../../Engine/Content/EngineMaterials/Widget3DPassThrough_Masked.uasset" 588
"../../../Engine/Content/EngineMaterials/Widget3DPassThrough_Masked.uexp" 589
"../../../Engine/Content/EngineMaterials/Widget3DPassThrough_Opaque.uasset" 590
"../../../Engine/Content/EngineMaterials/Widget3DPassThrough_Opaque.uexp" 591
"../../../Engine/Content/EngineMaterials/Widget3DPassThrough_Masked_OneSided.uasset" 592
"../../../Engine/Content/EngineMaterials/Widget3DPassThrough_Masked_OneSided.uexp" 593
"../../../Engine/Content/EngineMaterials/Widget3DPassThrough_Opaque_OneSided.uasset" 594
"../../../Engine/Content/EngineMaterials/Widget3DPassThrough_Opaque_OneSided.uexp" 595
"../../../Engine/Content/EngineMaterials/Widget3DPassThrough_Translucent.uasset" 596
"../../../Engine/Content/EngineMaterials/Widget3DPassThrough_Translucent.uexp" 597
"../../../Engine/Content/EngineMaterials/Widget3DPassThrough_Translucent_OneSided.uasset" 598
"../../../Engine/Content/EngineMaterials/Widget3DPassThrough_Translucent_OneSided.uexp" 599
"../../../Engine/Content/EngineMeshes/Cylinder.uasset" 600
"../../../Engine/Content/EngineMeshes/Cylinder.uexp" 601
"../../../Engine/Content/EngineMeshes/Sphere.uasset" 602
"../../../Engine/Content/EngineMeshes/Sphere.uexp" 603
"../../../Engine/Content/EngineResources/DefaultTexture.uasset" 604
"../../../Engine/Content/EngineResources/DefaultTexture.uexp" 605
"../../../Engine/Content/EngineResources/DefaultTexture.ubulk" 606
"../../../Engine/Content/EngineResources/DefaultTextureCube.uasset" 607
"../../../Engine/Content/EngineResources/DefaultTextureCube.uexp" 608
"../../../Engine/Content/EngineResources/DefaultVolumeTexture2D.uasset" 609
"../../../Engine/Content/EngineResources/DefaultVolumeTexture2D.uexp" 610
"../../../Engine/Content/EngineResources/DefaultVolumeTexture.uasset" 611
"../../../Engine/Content/EngineResources/DefaultVolumeTexture.uexp" 612
"../../../Engine/Content/EngineResources/GradientTexture0.uasset" 613
"../../../Engine/Content/EngineResources/GradientTexture0.uexp" 614
"../../../Engine/Content/EngineResources/StreamingPauseIcon.uasset" 615
"../../../Engine/Content/EngineResources/StreamingPauseIcon.uexp" 616
"../../../Engine/Content/EngineResources/M_StreamingPause.uasset" 617
"../../../Engine/Content/EngineResources/M_StreamingPause.uexp" 618
"../../../Engine/Content/EngineSky/VolumetricClouds/T_NoiseShape64.uasset" 619
"../../../Engine/Content/EngineSky/VolumetricClouds/T_NoiseShape64.uexp" 620
"../../../Engine/Content/EngineSky/VolumetricClouds/T_NoiseShape64.ubulk" 621
"../../../Engine/Content/EngineSky/VolumetricClouds/T_VolumeNoiseShape64.uasset" 622
"../../../Engine/Content/EngineSky/VolumetricClouds/T_VolumeNoiseShape64.uexp" 623
"../../../Engine/Content/EngineSky/VolumetricClouds/T_NoiseErosion.uasset" 624
"../../../Engine/Content/EngineSky/VolumetricClouds/T_NoiseErosion.uexp" 625
"../../../Engine/Content/EngineSky/VolumetricClouds/T_NoiseErosion.ubulk" 626
"../../../Engine/Content/EngineSky/VolumetricClouds/T_VolumeNoiseErosion32.uasset" 627
"../../../Engine/Content/EngineSky/VolumetricClouds/T_VolumeNoiseErosion32.uexp" 628
"../../../Engine/Content/EngineSky/VolumetricClouds/CloudWeatherTexture.uasset" 629
"../../../Engine/Content/EngineSky/VolumetricClouds/CloudWeatherTexture.uexp" 630
"../../../Engine/Content/EngineSky/VolumetricClouds/CloudGradientTexture.uasset" 631
"../../../Engine/Content/EngineSky/VolumetricClouds/CloudGradientTexture.uexp" 632
"../../../Engine/Content/EngineSky/VolumetricClouds/m_SimpleVolumetricCloud.uasset" 633
"../../../Engine/Content/EngineSky/VolumetricClouds/m_SimpleVolumetricCloud.uexp" 634
"../../../Engine/Content/EngineSky/VolumetricClouds/m_SimpleVolumetricCloud_Inst.uasset" 635
"../../../Engine/Content/EngineSky/VolumetricClouds/m_SimpleVolumetricCloud_Inst.uexp" 636
"../../../Engine/Content/EngineSounds/Master.uasset" 637
"../../../Engine/Content/EngineSounds/Master.uexp" 638
"../../../Engine/Content/Functions/Engine_MaterialFunctions01/Shading/PowerToRoughness.uasset" 639
"../../../Engine/Content/Functions/Engine_MaterialFunctions01/Shading/PowerToRoughness.uexp" 640
"../../../Engine/Content/Maps/Templates/Thumbnails/Default.uasset" 641
"../../../Engine/Content/Maps/Templates/Thumbnails/Default.uexp" 642
"../../../Engine/Content/Maps/Templates/Thumbnails/TimeOfDay.uasset" 643
"../../../Engine/Content/Maps/Templates/Thumbnails/TimeOfDay.uexp" 644
"../../../Engine/Content/Maps/Templates/Thumbnails/VR-Basic.uasset" 645
"../../../Engine/Content/Maps/Templates/Thumbnails/VR-Basic.uexp" 646
"../../../Engine/Content/MapTemplates/Sky/DaylightAmbientCubemap.uasset" 647
"../../../Engine/Content/MapTemplates/Sky/DaylightAmbientCubemap.uexp" 648
"../../../Engine/Content/MobileResources/T_MobileControls_texture.uasset" 649
"../../../Engine/Content/MobileResources/T_MobileControls_texture.uexp" 650
"../../../Engine/Content/MobileResources/T_MobileMenu2.uasset" 651
"../../../Engine/Content/MobileResources/T_MobileMenu2.uexp" 652
"../../../Engine/Content/MobileResources/HUD/AnalogHat.uasset" 653
"../../../Engine/Content/MobileResources/HUD/AnalogHat.uexp" 654
"../../../Engine/Content/MobileResources/HUD/VirtualJoystick_Thumb.uasset" 655
"../../../Engine/Content/MobileResources/HUD/VirtualJoystick_Thumb.uexp" 656
"../../../Engine/Content/MobileResources/HUD/VirtualJoystick_Background.uasset" 657
"../../../Engine/Content/MobileResources/HUD/VirtualJoystick_Background.uexp" 658
"../../../Engine/Content/MobileResources/HUD/DefaultVirtualJoysticks.uasset" 659
"../../../Engine/Content/MobileResources/HUD/DefaultVirtualJoysticks.uexp" 660
"../../../Engine/Content/MobileResources/HUD/LeftVirtualJoystickOnly.uasset" 661
"../../../Engine/Content/MobileResources/HUD/LeftVirtualJoystickOnly.uexp" 662
"../../../Engine/Content/MobileResources/HUD/MobileHUDButton1_off.uasset" 663
"../../../Engine/Content/MobileResources/HUD/MobileHUDButton1_off.uexp" 664
"../../../Engine/Content/MobileResources/HUD/MobileHUDButton1_on.uasset" 665
"../../../Engine/Content/MobileResources/HUD/MobileHUDButton1_on.uexp" 666
"../../../Engine/Content/MobileResources/HUD/MobileHUDButton2_off.uasset" 667
"../../../Engine/Content/MobileResources/HUD/MobileHUDButton2_off.uexp" 668
"../../../Engine/Content/MobileResources/HUD/MobileHUDButton2_on.uasset" 669
"../../../Engine/Content/MobileResources/HUD/MobileHUDButton2_on.uexp" 670
"../../../Engine/Content/MobileResources/HUD/MobileHUDButton3.uasset" 671
"../../../Engine/Content/MobileResources/HUD/MobileHUDButton3.uexp" 672
"../../../Engine/Content/MobileResources/HUD/MobileHUDButtonFire.uasset" 673
"../../../Engine/Content/MobileResources/HUD/MobileHUDButtonFire.uexp" 674
"../../../Engine/Content/MobileResources/HUD/MobileHUDDirectionPad.uasset" 675
"../../../Engine/Content/MobileResources/HUD/MobileHUDDirectionPad.uexp" 676
"../../../Engine/Content/MobileResources/HUD/MobileHUDDirectionPad2.uasset" 677
"../../../Engine/Content/MobileResources/HUD/MobileHUDDirectionPad2.uexp" 678
"../../../Engine/Content/MobileResources/HUD/MobileHUDDirectionPad3.uasset" 679
"../../../Engine/Content/MobileResources/HUD/MobileHUDDirectionPad3.uexp" 680
"../../../Engine/Content/MobileResources/HUD/MobileHUDDirectionStick.uasset" 681
"../../../Engine/Content/MobileResources/HUD/MobileHUDDirectionStick.uexp" 682
"../../../Engine/Content/MobileResources/HUD/T_Castle_ThumbstickInner.uasset" 683
"../../../Engine/Content/MobileResources/HUD/T_Castle_ThumbstickInner.uexp" 684
"../../../Engine/Content/MobileResources/HUD/T_Castle_ThumbstickOutter.uasset" 685
"../../../Engine/Content/MobileResources/HUD/T_Castle_ThumbstickOutter.uexp" 686
"../../../Engine/Content/Tutorial/ContentIntroCurve.uasset" 687
"../../../Engine/Content/Tutorial/ContentIntroCurve.uexp" 688
"../../../Engine/Content/Tutorial/Basics/TutorialAssets/icon_tab_Levels_40x.uasset" 689
"../../../Engine/Content/Tutorial/Basics/TutorialAssets/icon_tab_Levels_40x.uexp" 690
"../../../Engine/Content/VREditor/TransformGizmo/TranslucentTransformGizmoMaterial.uasset" 691
"../../../Engine/Content/VREditor/TransformGizmo/TranslucentTransformGizmoMaterial.uexp" 692
"../../../Engine/Content/VREditor/LaserPointer/VR_LaserPower_01.uasset" 693
"../../../Engine/Content/VREditor/LaserPointer/VR_LaserPower_01.uexp" 694
"../../../Engine/Content/VREditor/LaserPointer/VR_LaserPower_01.ubulk" 695
"../../../Engine/Content/VREditor/TransformGizmo/TransformGizmoMaterial.uasset" 696
"../../../Engine/Content/VREditor/TransformGizmo/TransformGizmoMaterial.uexp" 697
"../../../Engine/Content/VREditor/TransformGizmo/BoundingBoxCorner.uasset" 698
"../../../Engine/Content/VREditor/TransformGizmo/BoundingBoxCorner.uexp" 699
"../../../Engine/Content/VREditor/TransformGizmo/BoundingBoxEdge.uasset" 700
"../../../Engine/Content/VREditor/TransformGizmo/BoundingBoxEdge.uexp" 701
"../../../Engine/Content/VREditor/TransformGizmo/PlaneTranslationHandle.uasset" 702
"../../../Engine/Content/VREditor/TransformGizmo/PlaneTranslationHandle.uexp" 703
"../../../Engine/Content/VREditor/TransformGizmo/Xray.uasset" 704
"../../../Engine/Content/VREditor/TransformGizmo/Xray.uexp" 705
"../../../Engine/Content/VREditor/TransformGizmo/Main.uasset" 706
"../../../Engine/Content/VREditor/TransformGizmo/Main.uexp" 707
"../../../Engine/Content/VREditor/TransformGizmo/SM_Sequencer_Key.uasset" 708
"../../../Engine/Content/VREditor/TransformGizmo/SM_Sequencer_Key.uexp" 709
"../../../Engine/Content/VREditor/TransformGizmo/SM_Sequencer_Node.uasset" 710
"../../../Engine/Content/VREditor/TransformGizmo/SM_Sequencer_Node.uexp" 711
"E:/EPIC PROJECT/YannXFab/Content/Mannequin/Character/Mesh/SK_Mannequin_PhysicsAsset.uasset" 712
"E:/EPIC PROJECT/YannXFab/Content/Mannequin/Character/Mesh/SK_Mannequin_PhysicsAsset.uexp" 713
"E:/EPIC PROJECT/YannXFab/Content/Mannequin/Character/Textures/T_UE4Logo_N.uasset" 714
"E:/EPIC PROJECT/YannXFab/Content/Mannequin/Character/Textures/T_UE4Logo_N.uexp" 715
"E:/EPIC PROJECT/YannXFab/Content/Mannequin/Character/Textures/T_UE4Logo_N.ubulk" 716
"E:/EPIC PROJECT/YannXFab/Content/Mannequin/Character/Textures/T_UE4Logo_Mask.uasset" 717
"E:/EPIC PROJECT/YannXFab/Content/Mannequin/Character/Textures/T_UE4Logo_Mask.uexp" 718
"E:/EPIC PROJECT/YannXFab/Content/Mannequin/Character/Textures/T_UE4Logo_Mask.ubulk" 719
"E:/EPIC PROJECT/YannXFab/Content/Mannequin/Character/Textures/T_Male_N.uasset" 720
"E:/EPIC PROJECT/YannXFab/Content/Mannequin/Character/Textures/T_Male_N.uexp" 721
"E:/EPIC PROJECT/YannXFab/Content/Mannequin/Character/Textures/T_Male_N.ubulk" 722
"E:/EPIC PROJECT/YannXFab/Content/Mannequin/Character/Textures/T_Male_Mask.uasset" 723
"E:/EPIC PROJECT/YannXFab/Content/Mannequin/Character/Textures/T_Male_Mask.uexp" 724
"E:/EPIC PROJECT/YannXFab/Content/Mannequin/Character/Textures/T_Male_Mask.ubulk" 725
"E:/EPIC PROJECT/YannXFab/Content/Mannequin/Character/Materials/MaterialLayers/T_ML_Rubber_Blue_01_N.uasset" 726
"E:/EPIC PROJECT/YannXFab/Content/Mannequin/Character/Materials/MaterialLayers/T_ML_Rubber_Blue_01_N.uexp" 727
"E:/EPIC PROJECT/YannXFab/Content/Mannequin/Character/Materials/MaterialLayers/T_ML_Rubber_Blue_01_N.ubulk" 728
"E:/EPIC PROJECT/YannXFab/Content/Mannequin/Character/Materials/MaterialLayers/T_ML_Rubber_Blue_01_D.uasset" 729
"E:/EPIC PROJECT/YannXFab/Content/Mannequin/Character/Materials/MaterialLayers/T_ML_Rubber_Blue_01_D.uexp" 730
"E:/EPIC PROJECT/YannXFab/Content/Mannequin/Character/Materials/MaterialLayers/T_ML_Rubber_Blue_01_D.ubulk" 731
"E:/EPIC PROJECT/YannXFab/Content/Mannequin/Character/Materials/MaterialLayers/T_ML_Aluminum01_N.uasset" 732
"E:/EPIC PROJECT/YannXFab/Content/Mannequin/Character/Materials/MaterialLayers/T_ML_Aluminum01_N.uexp" 733
"E:/EPIC PROJECT/YannXFab/Content/Mannequin/Character/Materials/MaterialLayers/T_ML_Aluminum01_N.ubulk" 734
"E:/EPIC PROJECT/YannXFab/Content/Mannequin/Character/Materials/MaterialLayers/T_ML_Aluminum01.uasset" 735
"E:/EPIC PROJECT/YannXFab/Content/Mannequin/Character/Materials/MaterialLayers/T_ML_Aluminum01.uexp" 736
"E:/EPIC PROJECT/YannXFab/Content/Mannequin/Character/Materials/MaterialLayers/T_ML_Aluminum01.ubulk" 737
"E:/EPIC PROJECT/YannXFab/Content/Mannequin/Character/Materials/MaterialLayers/ML_SoftMetal_UE4.uasset" 738
"E:/EPIC PROJECT/YannXFab/Content/Mannequin/Character/Materials/MaterialLayers/ML_SoftMetal_UE4.uexp" 739
"E:/EPIC PROJECT/YannXFab/Content/Mannequin/Character/Materials/MaterialLayers/ML_Plastic_Shiny_Beige_LOGO.uasset" 740
"E:/EPIC PROJECT/YannXFab/Content/Mannequin/Character/Materials/MaterialLayers/ML_Plastic_Shiny_Beige_LOGO.uexp" 741
"E:/EPIC PROJECT/YannXFab/Content/Mannequin/Character/Materials/MaterialLayers/ML_Plastic_Shiny_Beige.uasset" 742
"E:/EPIC PROJECT/YannXFab/Content/Mannequin/Character/Materials/MaterialLayers/ML_Plastic_Shiny_Beige.uexp" 743
"E:/EPIC PROJECT/YannXFab/Content/Mannequin/Character/Materials/MaterialLayers/ML_GlossyBlack_Latex_UE4.uasset" 744
"E:/EPIC PROJECT/YannXFab/Content/Mannequin/Character/Materials/MaterialLayers/ML_GlossyBlack_Latex_UE4.uexp" 745
"../../../Engine/Content/Functions/MaterialLayerFunctions/MatLayerBlend_Simple.uasset" 746
"../../../Engine/Content/Functions/MaterialLayerFunctions/MatLayerBlend_Simple.uexp" 747
"../../../Engine/Content/Functions/Engine_MaterialFunctions02/Utility/BlendAngleCorrectedNormals.uasset" 748
"../../../Engine/Content/Functions/Engine_MaterialFunctions02/Utility/BlendAngleCorrectedNormals.uexp" 749
"../../../Engine/Content/Functions/MaterialLayerFunctions/MatLayerBlend_NormalBlend.uasset" 750
"../../../Engine/Content/Functions/MaterialLayerFunctions/MatLayerBlend_NormalBlend.uexp" 751
"E:/EPIC PROJECT/YannXFab/Content/Mannequin/Character/Materials/M_Male_Body.uasset" 752
"E:/EPIC PROJECT/YannXFab/Content/Mannequin/Character/Materials/M_Male_Body.uexp" 753
"E:/EPIC PROJECT/YannXFab/Content/Mannequin/Character/Materials/M_UE4Man_ChestLogo.uasset" 754
"E:/EPIC PROJECT/YannXFab/Content/Mannequin/Character/Materials/M_UE4Man_ChestLogo.uexp" 755
"E:/EPIC PROJECT/YannXFab/Content/Mannequin/Character/Mesh/UE4_Mannequin_Skeleton.uasset" 756
"E:/EPIC PROJECT/YannXFab/Content/Mannequin/Character/Mesh/UE4_Mannequin_Skeleton.uexp" 757
"E:/EPIC PROJECT/YannXFab/Content/Mannequin/Character/Mesh/SK_Mannequin.uasset" 758
"E:/EPIC PROJECT/YannXFab/Content/Mannequin/Character/Mesh/SK_Mannequin.uexp" 759
"../../../Engine/Content/Animation/DefaultAnimCurveCompressionSettings.uasset" 760
"../../../Engine/Content/Animation/DefaultAnimCurveCompressionSettings.uexp" 761
"../../../Engine/Content/Animation/DefaultAnimBoneCompressionSettings.uasset" 762
"../../../Engine/Content/Animation/DefaultAnimBoneCompressionSettings.uexp" 763
"E:/EPIC PROJECT/YannXFab/Content/Mannequin/Animations/ThirdPersonWalk.uasset" 764
"E:/EPIC PROJECT/YannXFab/Content/Mannequin/Animations/ThirdPersonWalk.uexp" 765
"E:/EPIC PROJECT/YannXFab/Content/Mannequin/Animations/ThirdPersonRun.uasset" 766
"E:/EPIC PROJECT/YannXFab/Content/Mannequin/Animations/ThirdPersonRun.uexp" 767
"E:/EPIC PROJECT/YannXFab/Content/Mannequin/Animations/ThirdPersonIdle.uasset" 768
"E:/EPIC PROJECT/YannXFab/Content/Mannequin/Animations/ThirdPersonIdle.uexp" 769
"E:/EPIC PROJECT/YannXFab/Content/Mannequin/Animations/ThirdPerson_IdleRun_2D.uasset" 770
"E:/EPIC PROJECT/YannXFab/Content/Mannequin/Animations/ThirdPerson_IdleRun_2D.uexp" 771
"E:/EPIC PROJECT/YannXFab/Content/Mannequin/Animations/ThirdPerson_Jump.uasset" 772
"E:/EPIC PROJECT/YannXFab/Content/Mannequin/Animations/ThirdPerson_Jump.uexp" 773
"E:/EPIC PROJECT/YannXFab/Content/Mannequin/Animations/ThirdPersonJump_Start.uasset" 774
"E:/EPIC PROJECT/YannXFab/Content/Mannequin/Animations/ThirdPersonJump_Start.uexp" 775
"E:/EPIC PROJECT/YannXFab/Content/Mannequin/Animations/ThirdPersonJump_Loop.uasset" 776
"E:/EPIC PROJECT/YannXFab/Content/Mannequin/Animations/ThirdPersonJump_Loop.uexp" 777
"../../../Engine/Content/EditorBlueprintResources/StandardMacros.uasset" 778
"../../../Engine/Content/EditorBlueprintResources/StandardMacros.uexp" 779
"E:/EPIC PROJECT/YannXFab/Content/Mannequin/Animations/ThirdPerson_AnimBP.uasset" 780
"E:/EPIC PROJECT/YannXFab/Content/Mannequin/Animations/ThirdPerson_AnimBP.uexp" 781
"E:/EPIC PROJECT/YannXFab/Content/ThirdPersonBP/Blueprints/ThirdPersonCharacter.uasset" 782
"E:/EPIC PROJECT/YannXFab/Content/ThirdPersonBP/Blueprints/ThirdPersonCharacter.uexp" 783
"E:/EPIC PROJECT/YannXFab/Content/ThirdPersonBP/Blueprints/ThirdPersonGameMode.uasset" 784
"E:/EPIC PROJECT/YannXFab/Content/ThirdPersonBP/Blueprints/ThirdPersonGameMode.uexp" 785
"../../../Engine/Plugins/2D/Paper2D/Content/PlaceholderTextures/DummySpriteTexture.uasset" 786
"../../../Engine/Plugins/2D/Paper2D/Content/PlaceholderTextures/DummySpriteTexture.uexp" 787
"../../../Engine/Plugins/2D/Paper2D/Content/PlaceholderTextures/DummySpriteTexture.ubulk" 788
"../../../Engine/Plugins/2D/Paper2D/Content/DummySprite.uasset" 789
"../../../Engine/Plugins/2D/Paper2D/Content/DummySprite.uexp" 790
"../../../Engine/Plugins/2D/Paper2D/Content/DefaultPaperTerrainMaterial.uasset" 791
"../../../Engine/Plugins/2D/Paper2D/Content/DefaultPaperTerrainMaterial.uexp" 792
"../../../Engine/Plugins/2D/Paper2D/Content/DefaultSpriteMaterial.uasset" 793
"../../../Engine/Plugins/2D/Paper2D/Content/DefaultSpriteMaterial.uexp" 794
"../../../Engine/Plugins/2D/Paper2D/Content/MaskedUnlitSpriteMaterial.uasset" 795
"../../../Engine/Plugins/2D/Paper2D/Content/MaskedUnlitSpriteMaterial.uexp" 796
"../../../Engine/Plugins/2D/Paper2D/Content/OpaqueUnlitSpriteMaterial.uasset" 797
"../../../Engine/Plugins/2D/Paper2D/Content/OpaqueUnlitSpriteMaterial.uexp" 798
"../../../Engine/Plugins/FX/Niagara/Content/Icons/S_ParticleSystem.uasset" 799
"../../../Engine/Plugins/FX/Niagara/Content/Icons/S_ParticleSystem.uexp" 800
"../../../Engine/Plugins/FX/Niagara/Content/Icons/S_ParticleSystem.ubulk" 801
"../../../Engine/Plugins/Editor/SpeedTreeImporter/Content/SpeedTree9/UnpackInteger3.uasset" 802
"../../../Engine/Plugins/Editor/SpeedTreeImporter/Content/SpeedTree9/UnpackInteger3.uexp" 803
"../../../Engine/Plugins/Editor/SpeedTreeImporter/Content/SpeedTree9/UnpackDirection.uasset" 804
"../../../Engine/Plugins/Editor/SpeedTreeImporter/Content/SpeedTree9/UnpackDirection.uexp" 805
"../../../Engine/Plugins/Editor/SpeedTreeImporter/Content/SpeedTree9/game_wind_noise.uasset" 806
"../../../Engine/Plugins/Editor/SpeedTreeImporter/Content/SpeedTree9/game_wind_noise.uexp" 807
"../../../Engine/Plugins/Editor/SpeedTreeImporter/Content/SpeedTree9/game_wind_noise.ubulk" 808
"../../../Engine/Content/Functions/Engine_MaterialFunctions02/SafeNormalize.uasset" 809
"../../../Engine/Content/Functions/Engine_MaterialFunctions02/SafeNormalize.uexp" 810
"../../../Engine/Plugins/Editor/SpeedTreeImporter/Content/SpeedTree9/SpeedTreeWindMotion.uasset" 811
"../../../Engine/Plugins/Editor/SpeedTreeImporter/Content/SpeedTree9/SpeedTreeWindMotion.uexp" 812
"../../../Engine/Plugins/Editor/SpeedTreeImporter/Content/SpeedTree9/SpeedTreeBranchMotion.uasset" 813
"../../../Engine/Plugins/Editor/SpeedTreeImporter/Content/SpeedTree9/SpeedTreeBranchMotion.uexp" 814
"../../../Engine/Content/Functions/Engine_MaterialFunctions02/ObjectLocalBounds.uasset" 815
"../../../Engine/Content/Functions/Engine_MaterialFunctions02/ObjectLocalBounds.uexp" 816
"../../../Engine/Content/Functions/Engine_MaterialFunctions02/UVs/BoundingBoxBased_0-1_UVW.uasset" 817
"../../../Engine/Content/Functions/Engine_MaterialFunctions02/UVs/BoundingBoxBased_0-1_UVW.uexp" 818
"../../../Engine/Content/Functions/Engine_MaterialFunctions02/WorldPositionOffset/ObjectScale.uasset" 819
"../../../Engine/Content/Functions/Engine_MaterialFunctions02/WorldPositionOffset/ObjectScale.uexp" 820
"../../../Engine/Plugins/Editor/SpeedTreeImporter/Content/SpeedTree9/SpeedTreeWind.uasset" 821
"../../../Engine/Plugins/Editor/SpeedTreeImporter/Content/SpeedTree9/SpeedTreeWind.uexp" 822
"../../../Engine/Plugins/Editor/SpeedTreeImporter/Content/SpeedTree9/SpeedTreeBillboard.uasset" 823
"../../../Engine/Plugins/Editor/SpeedTreeImporter/Content/SpeedTree9/SpeedTreeBillboard.uexp" 824
"../../../Engine/Plugins/Editor/SpeedTreeImporter/Content/SpeedTree9/EmptyNormal.uasset" 825
"../../../Engine/Plugins/Editor/SpeedTreeImporter/Content/SpeedTree9/EmptyNormal.uexp" 826
"../../../Engine/Plugins/Editor/SpeedTreeImporter/Content/SpeedTree9/Empty.uasset" 827
"../../../Engine/Plugins/Editor/SpeedTreeImporter/Content/SpeedTree9/Empty.uexp" 828
"../../../Engine/Plugins/Editor/SpeedTreeImporter/Content/SpeedTree9/SpeedTreeBillboardMaster.uasset" 829
"../../../Engine/Plugins/Editor/SpeedTreeImporter/Content/SpeedTree9/SpeedTreeBillboardMaster.uexp" 830
"../../../Engine/Plugins/Editor/SpeedTreeImporter/Content/SpeedTree9/SpeedTreeCameraFacing.uasset" 831
"../../../Engine/Plugins/Editor/SpeedTreeImporter/Content/SpeedTree9/SpeedTreeCameraFacing.uexp" 832
"../../../Engine/Plugins/Editor/SpeedTreeImporter/Content/SpeedTree9/SpeedTreeMaster.uasset" 833
"../../../Engine/Plugins/Editor/SpeedTreeImporter/Content/SpeedTree9/SpeedTreeMaster.uexp" 834
"../../../Engine/Content/BasicShapes/Cylinder.uasset" 835
"../../../Engine/Content/BasicShapes/Cylinder.uexp" 836
"../../../Engine/Content/ArtTools/RenderToTexture/Materials/Debug/M_Emissive_Color.uasset" 837
"../../../Engine/Content/ArtTools/RenderToTexture/Materials/Debug/M_Emissive_Color.uexp" 838
"../../../Engine/Plugins/Lumin/MagicLeapPassableWorld/Content/MagicLeapARPinInfoActor.uasset" 839
"../../../Engine/Plugins/Lumin/MagicLeapPassableWorld/Content/MagicLeapARPinInfoActor.uexp" 840
"../../../Engine/Plugins/Runtime/OpenXR/Content/Devices/GoogleDaydream/MRTexture.uasset" 841
"../../../Engine/Plugins/Runtime/OpenXR/Content/Devices/GoogleDaydream/MRTexture.uexp" 842
"../../../Engine/Plugins/Runtime/OpenXR/Content/Devices/GoogleDaydream/MRTexture.ubulk" 843
"../../../Engine/Plugins/Runtime/OpenXR/Content/Devices/GoogleDaydream/BaseTexture.uasset" 844
"../../../Engine/Plugins/Runtime/OpenXR/Content/Devices/GoogleDaydream/BaseTexture.uexp" 845
"../../../Engine/Plugins/Runtime/OpenXR/Content/Devices/GoogleDaydream/BaseTexture.ubulk" 846
"../../../Engine/Content/EngineResources/Black.uasset" 847
"../../../Engine/Content/EngineResources/Black.uexp" 848
"../../../Engine/Plugins/Runtime/OpenXR/Content/Devices/M_XRController.uasset" 849
"../../../Engine/Plugins/Runtime/OpenXR/Content/Devices/M_XRController.uexp" 850
"../../../Engine/Plugins/Runtime/OpenXR/Content/Devices/GoogleDaydream/MI_GoogleDaydream.uasset" 851
"../../../Engine/Plugins/Runtime/OpenXR/Content/Devices/GoogleDaydream/MI_GoogleDaydream.uexp" 852
"../../../Engine/Plugins/Runtime/OpenXR/Content/Devices/GoogleDaydream/GoogleDaydreamController.uasset" 853
"../../../Engine/Plugins/Runtime/OpenXR/Content/Devices/GoogleDaydream/GoogleDaydreamController.uexp" 854
"../../../Engine/Plugins/Runtime/OpenXR/Content/Devices/HTCVive/BaseTexture.uasset" 855
"../../../Engine/Plugins/Runtime/OpenXR/Content/Devices/HTCVive/BaseTexture.uexp" 856
"../../../Engine/Plugins/Runtime/OpenXR/Content/Devices/HTCVive/BaseTexture.ubulk" 857
"../../../Engine/Plugins/Runtime/OpenXR/Content/Devices/HTCVive/MI_HTCVive.uasset" 858
"../../../Engine/Plugins/Runtime/OpenXR/Content/Devices/HTCVive/MI_HTCVive.uexp" 859
"../../../Engine/Plugins/Runtime/OpenXR/Content/Devices/HTCVive/HTCViveController.uasset" 860
"../../../Engine/Plugins/Runtime/OpenXR/Content/Devices/HTCVive/HTCViveController.uexp" 861
"../../../Engine/Plugins/Runtime/OpenXR/Content/Devices/MicrosoftMixedReality/NormalTexture.uasset" 862
"../../../Engine/Plugins/Runtime/OpenXR/Content/Devices/MicrosoftMixedReality/NormalTexture.uexp" 863
"../../../Engine/Plugins/Runtime/OpenXR/Content/Devices/MicrosoftMixedReality/NormalTexture.ubulk" 864
"../../../Engine/Plugins/Runtime/OpenXR/Content/Devices/MicrosoftMixedReality/MRTexture.uasset" 865
"../../../Engine/Plugins/Runtime/OpenXR/Content/Devices/MicrosoftMixedReality/MRTexture.uexp" 866
"../../../Engine/Plugins/Runtime/OpenXR/Content/Devices/MicrosoftMixedReality/MRTexture.ubulk" 867
"../../../Engine/Plugins/Runtime/OpenXR/Content/Devices/MicrosoftMixedReality/EmissiveTexture.uasset" 868
"../../../Engine/Plugins/Runtime/OpenXR/Content/Devices/MicrosoftMixedReality/EmissiveTexture.uexp" 869
"../../../Engine/Plugins/Runtime/OpenXR/Content/Devices/MicrosoftMixedReality/EmissiveTexture.ubulk" 870
"../../../Engine/Plugins/Runtime/OpenXR/Content/Devices/MicrosoftMixedReality/BaseTexture.uasset" 871
"../../../Engine/Plugins/Runtime/OpenXR/Content/Devices/MicrosoftMixedReality/BaseTexture.uexp" 872
"../../../Engine/Plugins/Runtime/OpenXR/Content/Devices/MicrosoftMixedReality/BaseTexture.ubulk" 873
"../../../Engine/Plugins/Runtime/OpenXR/Content/Devices/MicrosoftMixedReality/MI_MicrosoftMixedReality.uasset" 874
"../../../Engine/Plugins/Runtime/OpenXR/Content/Devices/MicrosoftMixedReality/MI_MicrosoftMixedReality.uexp" 875
"../../../Engine/Plugins/Runtime/OpenXR/Content/Devices/MicrosoftMixedReality/Left/left_MicrosoftMixedRealityController.uasset" 876
"../../../Engine/Plugins/Runtime/OpenXR/Content/Devices/MicrosoftMixedReality/Left/left_MicrosoftMixedRealityController.uexp" 877
"../../../Engine/Plugins/Runtime/OpenXR/Content/Devices/MicrosoftMixedReality/Right/right_MicrosoftMixedRealityController.uasset" 878
"../../../Engine/Plugins/Runtime/OpenXR/Content/Devices/MicrosoftMixedReality/Right/right_MicrosoftMixedRealityController.uexp" 879
"../../../Engine/Plugins/Runtime/OpenXR/Content/Devices/OculusGo/BaseTexture.uasset" 880
"../../../Engine/Plugins/Runtime/OpenXR/Content/Devices/OculusGo/BaseTexture.uexp" 881
"../../../Engine/Plugins/Runtime/OpenXR/Content/Devices/OculusGo/BaseTexture.ubulk" 882
"../../../Engine/Plugins/Runtime/OpenXR/Content/Devices/OculusGo/MI_OculusGo.uasset" 883
"../../../Engine/Plugins/Runtime/OpenXR/Content/Devices/OculusGo/MI_OculusGo.uexp" 884
"../../../Engine/Plugins/Runtime/OpenXR/Content/Devices/OculusGo/OculusGoController.uasset" 885
"../../../Engine/Plugins/Runtime/OpenXR/Content/Devices/OculusGo/OculusGoController.uexp" 886
"../../../Engine/Plugins/Runtime/OpenXR/Content/Devices/OculusTouch/MRTexture.uasset" 887
"../../../Engine/Plugins/Runtime/OpenXR/Content/Devices/OculusTouch/MRTexture.uexp" 888
"../../../Engine/Plugins/Runtime/OpenXR/Content/Devices/OculusTouch/MRTexture.ubulk" 889
"../../../Engine/Plugins/Runtime/OpenXR/Content/Devices/OculusTouch/BaseTexture.uasset" 890
"../../../Engine/Plugins/Runtime/OpenXR/Content/Devices/OculusTouch/BaseTexture.uexp" 891
"../../../Engine/Plugins/Runtime/OpenXR/Content/Devices/OculusTouch/BaseTexture.ubulk" 892
"../../../Engine/Plugins/Runtime/OpenXR/Content/Devices/OculusTouch/MI_OculusTouch.uasset" 893
"../../../Engine/Plugins/Runtime/OpenXR/Content/Devices/OculusTouch/MI_OculusTouch.uexp" 894
"../../../Engine/Plugins/Runtime/OpenXR/Content/Devices/OculusTouch/Left/left_OculusTouchController.uasset" 895
"../../../Engine/Plugins/Runtime/OpenXR/Content/Devices/OculusTouch/Left/left_OculusTouchController.uexp" 896
"../../../Engine/Plugins/Runtime/OpenXR/Content/Devices/OculusTouch/Right/right_OculusTouchController.uasset" 897
"../../../Engine/Plugins/Runtime/OpenXR/Content/Devices/OculusTouch/Right/right_OculusTouchController.uexp" 898
"../../../Engine/Plugins/Runtime/OpenXR/Content/Devices/OculusTouch_v2/MRTexture.uasset" 899
"../../../Engine/Plugins/Runtime/OpenXR/Content/Devices/OculusTouch_v2/MRTexture.uexp" 900
"../../../Engine/Plugins/Runtime/OpenXR/Content/Devices/OculusTouch_v2/MRTexture.ubulk" 901
"../../../Engine/Plugins/Runtime/OpenXR/Content/Devices/OculusTouch_v2/BaseTexture.uasset" 902
"../../../Engine/Plugins/Runtime/OpenXR/Content/Devices/OculusTouch_v2/BaseTexture.uexp" 903
"../../../Engine/Plugins/Runtime/OpenXR/Content/Devices/OculusTouch_v2/BaseTexture.ubulk" 904
"../../../Engine/Plugins/Runtime/OpenXR/Content/Devices/OculusTouch_v2/MI_OculusTouch_v2.uasset" 905
"../../../Engine/Plugins/Runtime/OpenXR/Content/Devices/OculusTouch_v2/MI_OculusTouch_v2.uexp" 906
"../../../Engine/Plugins/Runtime/OpenXR/Content/Devices/OculusTouch_v2/Left/left_OculusTouch_v2Controller.uasset" 907
"../../../Engine/Plugins/Runtime/OpenXR/Content/Devices/OculusTouch_v2/Left/left_OculusTouch_v2Controller.uexp" 908
"../../../Engine/Plugins/Runtime/OpenXR/Content/Devices/OculusTouch_v2/Right/right_OculusTouch_v2Controller.uasset" 909
"../../../Engine/Plugins/Runtime/OpenXR/Content/Devices/OculusTouch_v2/Right/right_OculusTouch_v2Controller.uexp" 910
"../../../Engine/Plugins/Runtime/OpenXR/Content/Devices/OculusTouch_v3/MRTexture.uasset" 911
"../../../Engine/Plugins/Runtime/OpenXR/Content/Devices/OculusTouch_v3/MRTexture.uexp" 912
"../../../Engine/Plugins/Runtime/OpenXR/Content/Devices/OculusTouch_v3/MRTexture.ubulk" 913
"../../../Engine/Plugins/Runtime/OpenXR/Content/Devices/OculusTouch_v3/BaseTexture.uasset" 914
"../../../Engine/Plugins/Runtime/OpenXR/Content/Devices/OculusTouch_v3/BaseTexture.uexp" 915
"../../../Engine/Plugins/Runtime/OpenXR/Content/Devices/OculusTouch_v3/BaseTexture.ubulk" 916
"../../../Engine/Plugins/Runtime/OpenXR/Content/Devices/OculusTouch_v3/MI_OculusTouch_v3.uasset" 917
"../../../Engine/Plugins/Runtime/OpenXR/Content/Devices/OculusTouch_v3/MI_OculusTouch_v3.uexp" 918
"../../../Engine/Plugins/Runtime/OpenXR/Content/Devices/OculusTouch_v3/Left/left_OculusTouch_v3Controller.uasset" 919
"../../../Engine/Plugins/Runtime/OpenXR/Content/Devices/OculusTouch_v3/Left/left_OculusTouch_v3Controller.uexp" 920
"../../../Engine/Plugins/Runtime/OpenXR/Content/Devices/OculusTouch_v3/Right/right_OculusTouch_v3Controller.uasset" 921
"../../../Engine/Plugins/Runtime/OpenXR/Content/Devices/OculusTouch_v3/Right/right_OculusTouch_v3Controller.uexp" 922
"../../../Engine/Plugins/Runtime/OpenXR/Content/Devices/ValveIndex/MRTexture.uasset" 923
"../../../Engine/Plugins/Runtime/OpenXR/Content/Devices/ValveIndex/MRTexture.uexp" 924
"../../../Engine/Plugins/Runtime/OpenXR/Content/Devices/ValveIndex/MRTexture.ubulk" 925
"../../../Engine/Plugins/Runtime/OpenXR/Content/Devices/ValveIndex/BaseTexture.uasset" 926
"../../../Engine/Plugins/Runtime/OpenXR/Content/Devices/ValveIndex/BaseTexture.uexp" 927
"../../../Engine/Plugins/Runtime/OpenXR/Content/Devices/ValveIndex/BaseTexture.ubulk" 928
"../../../Engine/Plugins/Runtime/OpenXR/Content/Devices/ValveIndex/Left/MI_left_ValveIndex.uasset" 929
"../../../Engine/Plugins/Runtime/OpenXR/Content/Devices/ValveIndex/Left/MI_left_ValveIndex.uexp" 930
"../../../Engine/Plugins/Runtime/OpenXR/Content/Devices/ValveIndex/Left/left_ValveIndexController.uasset" 931
"../../../Engine/Plugins/Runtime/OpenXR/Content/Devices/ValveIndex/Left/left_ValveIndexController.uexp" 932
"../../../Engine/Plugins/Runtime/OpenXR/Content/Devices/ValveIndex/Right/MI_right_ValveIndex.uasset" 933
"../../../Engine/Plugins/Runtime/OpenXR/Content/Devices/ValveIndex/Right/MI_right_ValveIndex.uexp" 934
"../../../Engine/Plugins/Runtime/OpenXR/Content/Devices/ValveIndex/Right/right_ValveIndexController.uasset" 935
"../../../Engine/Plugins/Runtime/OpenXR/Content/Devices/ValveIndex/Right/right_ValveIndexController.uexp" 936
"../../../Engine/Content/Functions/Engine_MaterialFunctions02/Utility/BreakOutFloat4Components.uasset" 937
"../../../Engine/Content/Functions/Engine_MaterialFunctions02/Utility/BreakOutFloat4Components.uexp" 938
"../../../Engine/Plugins/Runtime/Oculus/OculusVR/Content/Materials/OculusMR_ChromaKey.uasset" 939
"../../../Engine/Plugins/Runtime/Oculus/OculusVR/Content/Materials/OculusMR_ChromaKey.uexp" 940
"../../../Engine/Plugins/Runtime/Oculus/OculusVR/Content/Materials/OculusMR_OpaqueColoredMaterial.uasset" 941
"../../../Engine/Plugins/Runtime/Oculus/OculusVR/Content/Materials/OculusMR_OpaqueColoredMaterial.uexp" 942
"../../../Engine/Plugins/Runtime/Oculus/OculusVR/Content/Materials/PokeAHoleMaterial.uasset" 943
"../../../Engine/Plugins/Runtime/Oculus/OculusVR/Content/Materials/PokeAHoleMaterial.uexp" 944
"../../../Engine/Plugins/Runtime/Oculus/OculusVR/Content/Textures/touchController_controlmap.uasset" 945
"../../../Engine/Plugins/Runtime/Oculus/OculusVR/Content/Textures/touchController_controlmap.uexp" 946
"../../../Engine/Plugins/Runtime/Oculus/OculusVR/Content/Textures/touchController_controlmap.ubulk" 947
"../../../Engine/Plugins/Runtime/Oculus/OculusVR/Content/Textures/touchController_albedo.uasset" 948
"../../../Engine/Plugins/Runtime/Oculus/OculusVR/Content/Textures/touchController_albedo.uexp" 949
"../../../Engine/Plugins/Runtime/Oculus/OculusVR/Content/Textures/touchController_albedo.ubulk" 950
"../../../Engine/Plugins/Runtime/Oculus/OculusVR/Content/Materials/touchController_mat.uasset" 951
"../../../Engine/Plugins/Runtime/Oculus/OculusVR/Content/Materials/touchController_mat.uexp" 952
"../../../Engine/Plugins/Runtime/Oculus/OculusVR/Content/Meshes/LeftTouchController.uasset" 953
"../../../Engine/Plugins/Runtime/Oculus/OculusVR/Content/Meshes/LeftTouchController.uexp" 954
"../../../Engine/Plugins/Runtime/Oculus/OculusVR/Content/Textures/TouchForQuestRiftSController_albedo.uasset" 955
"../../../Engine/Plugins/Runtime/Oculus/OculusVR/Content/Textures/TouchForQuestRiftSController_albedo.uexp" 956
"../../../Engine/Plugins/Runtime/Oculus/OculusVR/Content/Textures/TouchForQuestRiftSController_albedo.ubulk" 957
"../../../Engine/Plugins/Runtime/Oculus/OculusVR/Content/Materials/TouchForQuestRiftSControllerMaterial.uasset" 958
"../../../Engine/Plugins/Runtime/Oculus/OculusVR/Content/Materials/TouchForQuestRiftSControllerMaterial.uexp" 959
"../../../Engine/Plugins/Runtime/Oculus/OculusVR/Content/Meshes/LeftTouchForQuestRiftSController.uasset" 960
"../../../Engine/Plugins/Runtime/Oculus/OculusVR/Content/Meshes/LeftTouchForQuestRiftSController.uexp" 961
"../../../Engine/Plugins/Runtime/Oculus/OculusVR/Content/Meshes/RiftHMD.uasset" 962
"../../../Engine/Plugins/Runtime/Oculus/OculusVR/Content/Meshes/RiftHMD.uexp" 963
"../../../Engine/Plugins/Runtime/Oculus/OculusVR/Content/Meshes/RightTouchController.uasset" 964
"../../../Engine/Plugins/Runtime/Oculus/OculusVR/Content/Meshes/RightTouchController.uexp" 965
"../../../Engine/Plugins/Runtime/Oculus/OculusVR/Content/Meshes/RightTouchForQuestRiftSController.uasset" 966
"../../../Engine/Plugins/Runtime/Oculus/OculusVR/Content/Meshes/RightTouchForQuestRiftSController.uexp" 967
"../../../Engine/Plugins/2D/Paper2D/Content/PlaceholderTextures/FlatNormalMap.uasset" 968
"../../../Engine/Plugins/2D/Paper2D/Content/PlaceholderTextures/FlatNormalMap.uexp" 969
"E:/EPIC PROJECT/YannXFab/Content/Megascans/Surfaces/BrickFloor/vddicaa_2K_Roughness.uasset" 970
"E:/EPIC PROJECT/YannXFab/Content/Megascans/Surfaces/BrickFloor/vddicaa_2K_Roughness.uexp" 971
"E:/EPIC PROJECT/YannXFab/Content/Megascans/Surfaces/BrickFloor/vddicaa_2K_Roughness.ubulk" 972
"E:/EPIC PROJECT/YannXFab/Content/Megascans/Surfaces/BrickFloor/vddicaa_2K_Normal.uasset" 973
"E:/EPIC PROJECT/YannXFab/Content/Megascans/Surfaces/BrickFloor/vddicaa_2K_Normal.uexp" 974
"E:/EPIC PROJECT/YannXFab/Content/Megascans/Surfaces/BrickFloor/vddicaa_2K_Normal.ubulk" 975
"E:/EPIC PROJECT/YannXFab/Content/Megascans/Surfaces/BrickFloor/vddicaa_2K_Albedo.uasset" 976
"E:/EPIC PROJECT/YannXFab/Content/Megascans/Surfaces/BrickFloor/vddicaa_2K_Albedo.uexp" 977
"E:/EPIC PROJECT/YannXFab/Content/Megascans/Surfaces/BrickFloor/vddicaa_2K_Albedo.ubulk" 978
"E:/EPIC PROJECT/YannXFab/Content/ASSET/MSPresets/MS_DefaultMaterial/Functions/MF_Transmission.uasset" 979
"E:/EPIC PROJECT/YannXFab/Content/ASSET/MSPresets/MS_DefaultMaterial/Functions/MF_Transmission.uexp" 980
"../../../Engine/Content/Functions/Engine_MaterialFunctions02/Texturing/CustomRotator.uasset" 981
"../../../Engine/Content/Functions/Engine_MaterialFunctions02/Texturing/CustomRotator.uexp" 982
"E:/EPIC PROJECT/YannXFab/Content/ASSET/MSPresets/MS_DefaultMaterial/Functions/MF_Tiling.uasset" 983
"E:/EPIC PROJECT/YannXFab/Content/ASSET/MSPresets/MS_DefaultMaterial/Functions/MF_Tiling.uexp" 984
"E:/EPIC PROJECT/YannXFab/Content/ASSET/MSPresets/MS_DefaultMaterial/Functions/MF_MapAdjustments.uasset" 985
"E:/EPIC PROJECT/YannXFab/Content/ASSET/MSPresets/MS_DefaultMaterial/Functions/MF_MapAdjustments.uexp" 986
"E:/EPIC PROJECT/YannXFab/Content/ASSET/MSPresets/MS_DefaultMaterial/Functions/MF_DetailNormalTiling.uasset" 987
"E:/EPIC PROJECT/YannXFab/Content/ASSET/MSPresets/MS_DefaultMaterial/Functions/MF_DetailNormalTiling.uexp" 988
"../../../Engine/Content/EngineMaterials/DefaultNormal.uasset" 989
"../../../Engine/Content/EngineMaterials/DefaultNormal.uexp" 990
"../../../Engine/Content/EngineMaterials/DefaultNormal.ubulk" 991
"E:/EPIC PROJECT/YannXFab/Content/ASSET/MSPresets/MS_DefaultMaterial/MS_DefaultMaterial.uasset" 992
"E:/EPIC PROJECT/YannXFab/Content/ASSET/MSPresets/MS_DefaultMaterial/MS_DefaultMaterial.uexp" 993
"E:/EPIC PROJECT/YannXFab/Content/ASSET/MATERIAL/BrickFloor1.uasset" 994
"E:/EPIC PROJECT/YannXFab/Content/ASSET/MATERIAL/BrickFloor1.uexp" 995
"../../../Engine/Content/Maps/Entry_BuiltData.uasset" 996
"../../../Engine/Content/Maps/Entry_BuiltData.uexp" 997
"../../../Engine/Content/Maps/Entry.uexp" 998
"../../../Engine/Content/Maps/Entry.umap" 999
"../../../Engine/Plugins/FX/Niagara/Content/Enums/ENiagara_ColorInitializationMode.uasset" 1000
"../../../Engine/Plugins/FX/Niagara/Content/Enums/ENiagara_ColorInitializationMode.uexp" 1001
"../../../Engine/Plugins/FX/Niagara/Content/Modules/Update/Lifetime/ParticleState.uasset" 1002
"../../../Engine/Plugins/FX/Niagara/Content/Modules/Update/Lifetime/ParticleState.uexp" 1003
"../../../Engine/Plugins/FX/Niagara/Content/Functions/System/SystemChangeState.uasset" 1004
"../../../Engine/Plugins/FX/Niagara/Content/Functions/System/SystemChangeState.uexp" 1005
"../../../Engine/Plugins/FX/Niagara/Content/Enums/ENiagaraSystemInactiveMode.uasset" 1006
"../../../Engine/Plugins/FX/Niagara/Content/Enums/ENiagaraSystemInactiveMode.uexp" 1007
"../../../Engine/Plugins/FX/Niagara/Content/Enums/ENiagara_EmitterStateOptions.uasset" 1008
"../../../Engine/Plugins/FX/Niagara/Content/Enums/ENiagara_EmitterStateOptions.uexp" 1009
"../../../Engine/Plugins/FX/Niagara/Content/Modules/System/SystemState.uasset" 1010
"../../../Engine/Plugins/FX/Niagara/Content/Modules/System/SystemState.uexp" 1011
"../../../Engine/Plugins/FX/Niagara/Content/Enums/ENiagaraRandomnessEvaluation.uasset" 1012
"../../../Engine/Plugins/FX/Niagara/Content/Enums/ENiagaraRandomnessEvaluation.uexp" 1013
"../../../Engine/Plugins/FX/Niagara/Content/Enums/ENiagaraRandomnessMode.uasset" 1014
"../../../Engine/Plugins/FX/Niagara/Content/Enums/ENiagaraRandomnessMode.uexp" 1015
"../../../Engine/Plugins/FX/Niagara/Content/Functions/V2/CalculateRandomRangeInteger.uasset" 1016
"../../../Engine/Plugins/FX/Niagara/Content/Functions/V2/CalculateRandomRangeInteger.uexp" 1017
"../../../Engine/Plugins/FX/Niagara/Content/Functions/V2/CalculateRandomBool.uasset" 1018
"../../../Engine/Plugins/FX/Niagara/Content/Functions/V2/CalculateRandomBool.uexp" 1019
"../../../Engine/Plugins/FX/Niagara/Content/Functions/Localspace/SimulationPosition.uasset" 1020
"../../../Engine/Plugins/FX/Niagara/Content/Functions/Localspace/SimulationPosition.uexp" 1021
"../../../Engine/Plugins/FX/Niagara/Content/Functions/Localspace/TransformBase.uasset" 1022
"../../../Engine/Plugins/FX/Niagara/Content/Functions/Localspace/TransformBase.uexp" 1023
"../../../Engine/Plugins/FX/Niagara/Content/Functions/Localspace/TransformVector.uasset" 1024
"../../../Engine/Plugins/FX/Niagara/Content/Functions/Localspace/TransformVector.uexp" 1025
"../../../Engine/Plugins/FX/Niagara/Content/Functions/LinearColor/HueShiftLinearColor.uasset" 1026
"../../../Engine/Plugins/FX/Niagara/Content/Functions/LinearColor/HueShiftLinearColor.uexp" 1027
"../../../Engine/Plugins/FX/Niagara/Content/Functions/V2/CalculateRandomRangeFloat.uasset" 1028
"../../../Engine/Plugins/FX/Niagara/Content/Functions/V2/CalculateRandomRangeFloat.uexp" 1029
"../../../Engine/Plugins/FX/Niagara/Content/Functions/V2/CalculateRandomRange.uasset" 1030
"../../../Engine/Plugins/FX/Niagara/Content/Functions/V2/CalculateRandomRange.uexp" 1031
"../../../Engine/Plugins/FX/Niagara/Content/Enums/Ribbons/ENiagara_UnsetDirectSetRandom.uasset" 1032
"../../../Engine/Plugins/FX/Niagara/Content/Enums/Ribbons/ENiagara_UnsetDirectSetRandom.uexp" 1033
"../../../Engine/Plugins/FX/Niagara/Content/Enums/ENiagaraChannelCorrelation.uasset" 1034
"../../../Engine/Plugins/FX/Niagara/Content/Enums/ENiagaraChannelCorrelation.uexp" 1035
"../../../Engine/Plugins/FX/Niagara/Content/Enums/ENiagara_UVFlippingMode.uasset" 1036
"../../../Engine/Plugins/FX/Niagara/Content/Enums/ENiagara_UVFlippingMode.uexp" 1037
"../../../Engine/Plugins/FX/Niagara/Content/Enums/ENiagara_SpriteRotationMode.uasset" 1038
"../../../Engine/Plugins/FX/Niagara/Content/Enums/ENiagara_SpriteRotationMode.uexp" 1039
"../../../Engine/Plugins/FX/Niagara/Content/Enums/ENiagara_SizeScaleMode.uasset" 1040
"../../../Engine/Plugins/FX/Niagara/Content/Enums/ENiagara_SizeScaleMode.uexp" 1041
"../../../Engine/Plugins/FX/Niagara/Content/Enums/ENiagara_PositionInitializationMode.uasset" 1042
"../../../Engine/Plugins/FX/Niagara/Content/Enums/ENiagara_PositionInitializationMode.uexp" 1043
"../../../Engine/Plugins/FX/Niagara/Content/Enums/ENiagara_MassInitializationMode.uasset" 1044
"../../../Engine/Plugins/FX/Niagara/Content/Enums/ENiagara_MassInitializationMode.uexp" 1045
"../../../Engine/Plugins/FX/Niagara/Content/Enums/ENiagara_LifetimeMode.uasset" 1046
"../../../Engine/Plugins/FX/Niagara/Content/Enums/ENiagara_LifetimeMode.uexp" 1047
"../../../Engine/Plugins/FX/Niagara/Content/Modules/Spawn/Initialization/V2/InitializeParticle.uasset" 1048
"../../../Engine/Plugins/FX/Niagara/Content/Modules/Spawn/Initialization/V2/InitializeParticle.uexp" 1049
"../../../Engine/Plugins/FX/Niagara/Content/Functions/Emitter/EmitterChangeState.uasset" 1050
"../../../Engine/Plugins/FX/Niagara/Content/Functions/Emitter/EmitterChangeState.uexp" 1051
"../../../Engine/Plugins/FX/Niagara/Content/Enums/ENiagaraExecutionStateManagement.uasset" 1052
"../../../Engine/Plugins/FX/Niagara/Content/Enums/ENiagaraExecutionStateManagement.uexp" 1053
"../../../Engine/Plugins/FX/Niagara/Content/Enums/ENiagaraInactiveMode.uasset" 1054
"../../../Engine/Plugins/FX/Niagara/Content/Enums/ENiagaraInactiveMode.uexp" 1055
"../../../Engine/Plugins/FX/Niagara/Content/Enums/ENiagaraEmitterScalabilityMode_Limited.uasset" 1056
"../../../Engine/Plugins/FX/Niagara/Content/Enums/ENiagaraEmitterScalabilityMode_Limited.uexp" 1057
"../../../Engine/Plugins/FX/Niagara/Content/Enums/ENiagaraEmitterLifeCycleMode.uasset" 1058
"../../../Engine/Plugins/FX/Niagara/Content/Enums/ENiagaraEmitterLifeCycleMode.uexp" 1059
"../../../Engine/Plugins/FX/Niagara/Content/Enums/ENiagara_InfiniteLoopDuration.uasset" 1060
"../../../Engine/Plugins/FX/Niagara/Content/Enums/ENiagara_InfiniteLoopDuration.uexp" 1061
"../../../Engine/Plugins/FX/Niagara/Content/Modules/Emitter/EmitterState.uasset" 1062
"../../../Engine/Plugins/FX/Niagara/Content/Modules/Emitter/EmitterState.uexp" 1063
"../../../Engine/Plugins/FX/Niagara/Content/DefaultAssets/DefaultSpriteMaterial.uasset" 1064
"../../../Engine/Plugins/FX/Niagara/Content/DefaultAssets/DefaultSpriteMaterial.uexp" 1065
"E:/EPIC PROJECT/YannXFab/Content/VFX/test.uasset" 1066
"E:/EPIC PROJECT/YannXFab/Content/VFX/test.uexp" 1067
"E:/EPIC PROJECT/YannXFab/Content/ThirdPersonBP/Maps/ThirdPersonExampleMap_BuiltData.uasset" 1068
"E:/EPIC PROJECT/YannXFab/Content/ThirdPersonBP/Maps/ThirdPersonExampleMap_BuiltData.uexp" 1069
"E:/EPIC PROJECT/YannXFab/Content/ThirdPersonBP/Maps/ThirdPersonExampleMap_BuiltData.ubulk" 1070
"E:/EPIC PROJECT/YannXFab/Content/Megascans/3D_Assets/Roman_Statue_tgsibj3fa/Roman_Statue_LOD0_tgsibj3fa.uasset" 1071
"E:/EPIC PROJECT/YannXFab/Content/Megascans/3D_Assets/Roman_Statue_tgsibj3fa/Roman_Statue_LOD0_tgsibj3fa.uexp" 1072
"E:/EPIC PROJECT/YannXFab/Content/Megascans/3D_Assets/Roman_Statue_tgeleayfa/Roman_Statue_LOD0_tgeleayfa.uasset" 1073
"E:/EPIC PROJECT/YannXFab/Content/Megascans/3D_Assets/Roman_Statue_tgeleayfa/Roman_Statue_LOD0_tgeleayfa.uexp" 1074
"E:/EPIC PROJECT/YannXFab/Content/Megascans/3D_Assets/Concrete_Castle_Stairs_sdEvm/Concrete_Castle_Stairs_LOD0_sdEvm.uasset" 1075
"E:/EPIC PROJECT/YannXFab/Content/Megascans/3D_Assets/Concrete_Castle_Stairs_sdEvm/Concrete_Castle_Stairs_LOD0_sdEvm.uexp" 1076
"E:/EPIC PROJECT/YannXFab/Content/ASSET/MESH/SM_Statue.uasset" 1077
"E:/EPIC PROJECT/YannXFab/Content/ASSET/MESH/SM_Statue.uexp" 1078
"E:/EPIC PROJECT/YannXFab/Content/ASSET/MESH/SM_Pilar.uasset" 1079
"E:/EPIC PROJECT/YannXFab/Content/ASSET/MESH/SM_Pilar.uexp" 1080
"E:/EPIC PROJECT/YannXFab/Content/ASSET/TEXTURE/Granite/Roughness_2K_tiwmchsew.uasset" 1081
"E:/EPIC PROJECT/YannXFab/Content/ASSET/TEXTURE/Granite/Roughness_2K_tiwmchsew.uexp" 1082
"E:/EPIC PROJECT/YannXFab/Content/ASSET/TEXTURE/Granite/Roughness_2K_tiwmchsew.ubulk" 1083
"E:/EPIC PROJECT/YannXFab/Content/ASSET/TEXTURE/Granite/Normal_2K_tiwmchsew.uasset" 1084
"E:/EPIC PROJECT/YannXFab/Content/ASSET/TEXTURE/Granite/Normal_2K_tiwmchsew.uexp" 1085
"E:/EPIC PROJECT/YannXFab/Content/ASSET/TEXTURE/Granite/Normal_2K_tiwmchsew.ubulk" 1086
"E:/EPIC PROJECT/YannXFab/Content/ASSET/TEXTURE/Granite/Albedo_2K_tiwmchsew.uasset" 1087
"E:/EPIC PROJECT/YannXFab/Content/ASSET/TEXTURE/Granite/Albedo_2K_tiwmchsew.uexp" 1088
"E:/EPIC PROJECT/YannXFab/Content/ASSET/TEXTURE/Granite/Albedo_2K_tiwmchsew.ubulk" 1089
"E:/EPIC PROJECT/YannXFab/Content/ASSET/MATERIAL/Granite_Rock_tiwmchsew_inst.uasset" 1090
"E:/EPIC PROJECT/YannXFab/Content/ASSET/MATERIAL/Granite_Rock_tiwmchsew_inst.uexp" 1091
"E:/EPIC PROJECT/YannXFab/Content/ASSET/MESH/SM_MERGED_SM_ArcheStatue.uasset" 1092
"E:/EPIC PROJECT/YannXFab/Content/ASSET/MESH/SM_MERGED_SM_ArcheStatue.uexp" 1093
"E:/EPIC PROJECT/YannXFab/Content/ASSET/MESH/SM_MERGED_SM_Arche.uasset" 1094
"E:/EPIC PROJECT/YannXFab/Content/ASSET/MESH/SM_MERGED_SM_Arche.uexp" 1095
"E:/EPIC PROJECT/YannXFab/Content/ASSET/MESH/SM_Circular_Cylinder_026.uasset" 1096
"E:/EPIC PROJECT/YannXFab/Content/ASSET/MESH/SM_Circular_Cylinder_026.uexp" 1097
"E:/EPIC PROJECT/YannXFab/Content/ASSET/MESH/SM_Circular_Cylinder_001.uasset" 1098
"E:/EPIC PROJECT/YannXFab/Content/ASSET/MESH/SM_Circular_Cylinder_001.uexp" 1099
"E:/EPIC PROJECT/YannXFab/Content/ASSET/MESH/SM_Circular_Cube_077.uasset" 1100
"E:/EPIC PROJECT/YannXFab/Content/ASSET/MESH/SM_Circular_Cube_077.uexp" 1101
"E:/EPIC PROJECT/YannXFab/Content/ASSET/MESH/SM_CircularSculpt.uasset" 1102
"E:/EPIC PROJECT/YannXFab/Content/ASSET/MESH/SM_CircularSculpt.uexp" 1103
"E:/EPIC PROJECT/YannXFab/Content/ASSET/MESH/SM_BaseStatue.uasset" 1104
"E:/EPIC PROJECT/YannXFab/Content/ASSET/MESH/SM_BaseStatue.uexp" 1105
"E:/EPIC PROJECT/YannXFab/Content/ASSET/MESH/SM_BarrierStair.uasset" 1106
"E:/EPIC PROJECT/YannXFab/Content/ASSET/MESH/SM_BarrierStair.uexp" 1107
"E:/EPIC PROJECT/YannXFab/Content/ASSET/MESH/SM_Barrier.uasset" 1108
"E:/EPIC PROJECT/YannXFab/Content/ASSET/MESH/SM_Barrier.uexp" 1109
"E:/EPIC PROJECT/YannXFab/Content/ASSET/MESH/SM_ArchePilar.uasset" 1110
"E:/EPIC PROJECT/YannXFab/Content/ASSET/MESH/SM_ArchePilar.uexp" 1111
"E:/EPIC PROJECT/YannXFab/Content/ASSET/MESH/SM_ArcheOrnement2.uasset" 1112
"E:/EPIC PROJECT/YannXFab/Content/ASSET/MESH/SM_ArcheOrnement2.uexp" 1113
"E:/EPIC PROJECT/YannXFab/Content/ASSET/MESH/SM_ArcheOrnement.uasset" 1114
"E:/EPIC PROJECT/YannXFab/Content/ASSET/MESH/SM_ArcheOrnement.uexp" 1115
"E:/EPIC PROJECT/YannXFab/Content/ASSET/MESH/SM_Arche.uasset" 1116
"E:/EPIC PROJECT/YannXFab/Content/ASSET/MESH/SM_Arche.uexp" 1117
"E:/EPIC PROJECT/YannXFab/Content/ASSET/MESH/Roman_Stone_Floor_LOD0_tkkrcayfa.uasset" 1118
"E:/EPIC PROJECT/YannXFab/Content/ASSET/MESH/Roman_Stone_Floor_LOD0_tkkrcayfa.uexp" 1119
"E:/EPIC PROJECT/YannXFab/Content/ASSET/TEXTURE/RomanStone/Roughness_2K_tkkrcayfa.uasset" 1120
"E:/EPIC PROJECT/YannXFab/Content/ASSET/TEXTURE/RomanStone/Roughness_2K_tkkrcayfa.uexp" 1121
"E:/EPIC PROJECT/YannXFab/Content/ASSET/TEXTURE/RomanStone/Roughness_2K_tkkrcayfa.ubulk" 1122
"E:/EPIC PROJECT/YannXFab/Content/ASSET/TEXTURE/RomanStone/Normal_2K_LOD0_tkkrcayfa.uasset" 1123
"E:/EPIC PROJECT/YannXFab/Content/ASSET/TEXTURE/RomanStone/Normal_2K_LOD0_tkkrcayfa.uexp" 1124
"E:/EPIC PROJECT/YannXFab/Content/ASSET/TEXTURE/RomanStone/Normal_2K_LOD0_tkkrcayfa.ubulk" 1125
"E:/EPIC PROJECT/YannXFab/Content/ASSET/MATERIAL/Roman_Stone_Floor_tkkrcayfa_inst.uasset" 1126
"E:/EPIC PROJECT/YannXFab/Content/ASSET/MATERIAL/Roman_Stone_Floor_tkkrcayfa_inst.uexp" 1127
"E:/EPIC PROJECT/YannXFab/Content/ASSET/TEXTURE/CobblestoneArche/CobblestoneArches002_NRM_3K.uasset" 1128
"E:/EPIC PROJECT/YannXFab/Content/ASSET/TEXTURE/CobblestoneArche/CobblestoneArches002_NRM_3K.uexp" 1129
"E:/EPIC PROJECT/YannXFab/Content/ASSET/TEXTURE/CobblestoneArche/CobblestoneArches002_COL_VAR2_3K.uasset" 1130
"E:/EPIC PROJECT/YannXFab/Content/ASSET/TEXTURE/CobblestoneArche/CobblestoneArches002_COL_VAR2_3K.uexp" 1131
"E:/EPIC PROJECT/YannXFab/Content/ASSET/MATERIAL/CobblestoneArche.uasset" 1132
"E:/EPIC PROJECT/YannXFab/Content/ASSET/MATERIAL/CobblestoneArche.uexp" 1133
"E:/EPIC PROJECT/YannXFab/Content/ASSET/MESH/BridgePart.uasset" 1134
"E:/EPIC PROJECT/YannXFab/Content/ASSET/MESH/BridgePart.uexp" 1135
"E:/EPIC PROJECT/YannXFab/Content/Megascans/3D_Assets/Roman_Statue_tgeleayfa/Roughness_2K_tgeleayfa.uasset" 1136
"E:/EPIC PROJECT/YannXFab/Content/Megascans/3D_Assets/Roman_Statue_tgeleayfa/Roughness_2K_tgeleayfa.uexp" 1137
"E:/EPIC PROJECT/YannXFab/Content/Megascans/3D_Assets/Roman_Statue_tgeleayfa/Roughness_2K_tgeleayfa.ubulk" 1138
"E:/EPIC PROJECT/YannXFab/Content/Megascans/3D_Assets/Roman_Statue_tgeleayfa/Normal_2K_LOD0_tgeleayfa.uasset" 1139
"E:/EPIC PROJECT/YannXFab/Content/Megascans/3D_Assets/Roman_Statue_tgeleayfa/Normal_2K_LOD0_tgeleayfa.uexp" 1140
"E:/EPIC PROJECT/YannXFab/Content/Megascans/3D_Assets/Roman_Statue_tgeleayfa/Normal_2K_LOD0_tgeleayfa.ubulk" 1141
"E:/EPIC PROJECT/YannXFab/Content/Megascans/3D_Assets/Roman_Statue_tgeleayfa/Albedo_2K_tgeleayfa.uasset" 1142
"E:/EPIC PROJECT/YannXFab/Content/Megascans/3D_Assets/Roman_Statue_tgeleayfa/Albedo_2K_tgeleayfa.uexp" 1143
"E:/EPIC PROJECT/YannXFab/Content/Megascans/3D_Assets/Roman_Statue_tgeleayfa/Albedo_2K_tgeleayfa.ubulk" 1144
"E:/EPIC PROJECT/YannXFab/Content/ASSET/MATERIAL/Statue_tete.uasset" 1145
"E:/EPIC PROJECT/YannXFab/Content/ASSET/MATERIAL/Statue_tete.uexp" 1146
"E:/EPIC PROJECT/YannXFab/Content/Megascans/3D_Assets/Roman_Statue_tgsibj3fa/Roughness_2K_tgsibj3fa.uasset" 1147
"E:/EPIC PROJECT/YannXFab/Content/Megascans/3D_Assets/Roman_Statue_tgsibj3fa/Roughness_2K_tgsibj3fa.uexp" 1148
"E:/EPIC PROJECT/YannXFab/Content/Megascans/3D_Assets/Roman_Statue_tgsibj3fa/Roughness_2K_tgsibj3fa.ubulk" 1149
"E:/EPIC PROJECT/YannXFab/Content/Megascans/3D_Assets/Roman_Statue_tgsibj3fa/Normal_2K_LOD0_tgsibj3fa.uasset" 1150
"E:/EPIC PROJECT/YannXFab/Content/Megascans/3D_Assets/Roman_Statue_tgsibj3fa/Normal_2K_LOD0_tgsibj3fa.uexp" 1151
"E:/EPIC PROJECT/YannXFab/Content/Megascans/3D_Assets/Roman_Statue_tgsibj3fa/Normal_2K_LOD0_tgsibj3fa.ubulk" 1152
"E:/EPIC PROJECT/YannXFab/Content/Megascans/3D_Assets/Roman_Statue_tgsibj3fa/Albedo_2K_tgsibj3fa.uasset" 1153
"E:/EPIC PROJECT/YannXFab/Content/Megascans/3D_Assets/Roman_Statue_tgsibj3fa/Albedo_2K_tgsibj3fa.uexp" 1154
"E:/EPIC PROJECT/YannXFab/Content/Megascans/3D_Assets/Roman_Statue_tgsibj3fa/Albedo_2K_tgsibj3fa.ubulk" 1155
"E:/EPIC PROJECT/YannXFab/Content/ASSET/MATERIAL/Statue_corps.uasset" 1156
"E:/EPIC PROJECT/YannXFab/Content/ASSET/MATERIAL/Statue_corps.uexp" 1157
"E:/EPIC PROJECT/YannXFab/Content/ASSET/MATERIAL/CobblestoneArche2.uasset" 1158
"E:/EPIC PROJECT/YannXFab/Content/ASSET/MATERIAL/CobblestoneArche2.uexp" 1159
"E:/EPIC PROJECT/YannXFab/Content/ASSET/MATERIAL/CobblestoneArche1.uasset" 1160
"E:/EPIC PROJECT/YannXFab/Content/ASSET/MATERIAL/CobblestoneArche1.uexp" 1161
"E:/EPIC PROJECT/YannXFab/Content/Megascans/Surfaces/Damaged_Brick_Wall_vmdkahflw/Roughness_2K_vmdkahflw.uasset" 1162
"E:/EPIC PROJECT/YannXFab/Content/Megascans/Surfaces/Damaged_Brick_Wall_vmdkahflw/Roughness_2K_vmdkahflw.uexp" 1163
"E:/EPIC PROJECT/YannXFab/Content/Megascans/Surfaces/Damaged_Brick_Wall_vmdkahflw/Roughness_2K_vmdkahflw.ubulk" 1164
"E:/EPIC PROJECT/YannXFab/Content/Megascans/Surfaces/Damaged_Brick_Wall_vmdkahflw/Normal_2K_vmdkahflw.uasset" 1165
"E:/EPIC PROJECT/YannXFab/Content/Megascans/Surfaces/Damaged_Brick_Wall_vmdkahflw/Normal_2K_vmdkahflw.uexp" 1166
"E:/EPIC PROJECT/YannXFab/Content/Megascans/Surfaces/Damaged_Brick_Wall_vmdkahflw/Normal_2K_vmdkahflw.ubulk" 1167
"E:/EPIC PROJECT/YannXFab/Content/Megascans/Surfaces/Damaged_Brick_Wall_vmdkahflw/Albedo_2K_vmdkahflw.uasset" 1168
"E:/EPIC PROJECT/YannXFab/Content/Megascans/Surfaces/Damaged_Brick_Wall_vmdkahflw/Albedo_2K_vmdkahflw.uexp" 1169
"E:/EPIC PROJECT/YannXFab/Content/Megascans/Surfaces/Damaged_Brick_Wall_vmdkahflw/Albedo_2K_vmdkahflw.ubulk" 1170
"E:/EPIC PROJECT/YannXFab/Content/ASSET/MATERIAL/Brick_Wall1.uasset" 1171
"E:/EPIC PROJECT/YannXFab/Content/ASSET/MATERIAL/Brick_Wall1.uexp" 1172
"E:/EPIC PROJECT/YannXFab/Content/ASSET/MATERIAL/Brick_Wall.uasset" 1173
"E:/EPIC PROJECT/YannXFab/Content/ASSET/MATERIAL/Brick_Wall.uexp" 1174
"E:/EPIC PROJECT/YannXFab/Content/ASSET/MATERIAL/BrickFloor.uasset" 1175
"E:/EPIC PROJECT/YannXFab/Content/ASSET/MATERIAL/BrickFloor.uexp" 1176
"../../../Engine/Content/EngineSky/T_Sky_Stars.uasset" 1177
"../../../Engine/Content/EngineSky/T_Sky_Stars.uexp" 1178
"../../../Engine/Content/EngineSky/T_Sky_Stars.ubulk" 1179
"../../../Engine/Content/EngineSky/T_Sky_Clouds_M.uasset" 1180
"../../../Engine/Content/EngineSky/T_Sky_Clouds_M.uexp" 1181
"../../../Engine/Content/EngineSky/T_Sky_Clouds_M.ubulk" 1182
"../../../Engine/Content/EngineSky/T_Sky_Blue.uasset" 1183
"../../../Engine/Content/EngineSky/T_Sky_Blue.uexp" 1184
"../../../Engine/Content/EngineSky/T_Sky_Blue.ubulk" 1185
"../../../Engine/Content/EngineSky/M_Sky_Panning_Clouds2.uasset" 1186
"../../../Engine/Content/EngineSky/M_Sky_Panning_Clouds2.uexp" 1187
"../../../Engine/Content/EngineSky/SM_SkySphere.uasset" 1188
"../../../Engine/Content/EngineSky/SM_SkySphere.uexp" 1189
"../../../Engine/Content/EngineSky/C_Sky_Zenith_Color.uasset" 1190
"../../../Engine/Content/EngineSky/C_Sky_Zenith_Color.uexp" 1191
"../../../Engine/Content/EngineSky/C_Sky_Horizon_Color.uasset" 1192
"../../../Engine/Content/EngineSky/C_Sky_Horizon_Color.uexp" 1193
"../../../Engine/Content/EngineSky/C_Sky_Cloud_Color.uasset" 1194
"../../../Engine/Content/EngineSky/C_Sky_Cloud_Color.uexp" 1195
"../../../Engine/Content/EngineSky/BP_Sky_Sphere.uasset" 1196
"../../../Engine/Content/EngineSky/BP_Sky_Sphere.uexp" 1197
"../../../Engine/Content/BasicShapes/Cube.uasset" 1198
"../../../Engine/Content/BasicShapes/Cube.uexp" 1199
"E:/EPIC PROJECT/YannXFab/Content/ThirdPersonBP/Maps/ThirdPersonExampleMap.uexp" 1200
"E:/EPIC PROJECT/YannXFab/Content/ThirdPersonBP/Maps/ThirdPersonExampleMap.umap" 1201
